<?xml version="1.0" encoding="utf-8" standalone="no"?>
<!--This file represents the results of running a test suite-->
<test-results name="C:\ProjectCode\SportsWeb\src\test\Test.SportsWeb.Services\bin\Debug\Nunit.Test.SportsWeb.Services.Tests.dll" total="876" errors="0" failures="0" not-run="5" inconclusive="0" ignored="5" skipped="0" invalid="0" date="2019-10-17" time="14:47:41">
  <environment nunit-version="2.6.3.13283" clr-version="2.0.50727.9148" os-version="Microsoft Windows NT 6.2.9200.0" platform="Win32NT" cwd="C:\ProjectCode\Opencover" machine-name="DESKTOP-L0QLF1D" user="310259320" user-domain="LUX" />
  <culture-info current-culture="en-IN" current-uiculture="en-US" />
  <test-suite type="Assembly" name="C:\ProjectCode\SportsWeb\src\test\Test.SportsWeb.Services\bin\Debug\Nunit.Test.SportsWeb.Services.Tests.dll" executed="True" result="Success" success="True" time="23.639" asserts="0">
    <results>
      <test-suite type="Namespace" name="Test" executed="True" result="Success" success="True" time="23.632" asserts="0">
        <results>
          <test-suite type="Namespace" name="SportsWeb" executed="True" result="Success" success="True" time="23.632" asserts="0">
            <results>
              <test-suite type="Namespace" name="Services" executed="True" result="Success" success="True" time="23.631" asserts="0">
                <results>
                  <test-suite type="Namespace" name="AmpLightService" executed="True" result="Success" success="True" time="2.247" asserts="0">
                    <results>
                      <test-suite type="Namespace" name="Interceptor" executed="True" result="Success" success="True" time="1.502" asserts="0">
                        <results>
                          <test-suite type="TestFixture" name="TestAmpLightRequestInterceptor" executed="True" result="Success" success="True" time="1.501" asserts="0">
                            <results>
                              <test-case name="Test.SportsWeb.Services.AmpLightService.Interceptor.TestAmpLightRequestInterceptor.Test_AmpLightRequestInterceptor_Works" executed="True" result="Success" success="True" time="1.494" asserts="0" />
                            </results>
                          </test-suite>
                        </results>
                      </test-suite>
                      <test-suite type="TestFixture" name="TestAmpLightExtensions" executed="True" result="Success" success="True" time="0.012" asserts="0">
                        <results>
                          <test-case name="Test.SportsWeb.Services.AmpLightService.TestAmpLightExtensions.UtcLongToDateTime_works" executed="True" result="Success" success="True" time="0.010" asserts="0" />
                        </results>
                      </test-suite>
                      <test-suite type="TestFixture" name="TestAmpWebClientResolver" executed="True" result="Success" success="True" time="0.073" asserts="0">
                        <results>
                          <test-case name="Test.SportsWeb.Services.AmpLightService.TestAmpWebClientResolver.Test_CreateAmplightCustomerClient_Works" executed="True" result="Success" success="True" time="0.026" asserts="0" />
                          <test-case name="Test.SportsWeb.Services.AmpLightService.TestAmpWebClientResolver.Test_CreateAmplightSuperUserClient_Works" executed="True" result="Success" success="True" time="0.025" asserts="0" />
                          <test-case name="Test.SportsWeb.Services.AmpLightService.TestAmpWebClientResolver.Test_GetClient_Works" executed="True" result="Success" success="True" time="0.019" asserts="0" />
                        </results>
                      </test-suite>
                      <test-suite type="TestFixture" name="TestFieldServiceAmp" executed="True" result="Success" success="True" time="0.382" asserts="0">
                        <results>
                          <test-case name="Test.SportsWeb.Services.AmpLightService.TestFieldServiceAmp.GetFieldState" executed="True" result="Success" success="True" time="0.232" asserts="0" />
                          <test-case name="Test.SportsWeb.Services.AmpLightService.TestFieldServiceAmp.SetState" executed="True" result="Success" success="True" time="0.117" asserts="0" />
                          <test-case name="Test.SportsWeb.Services.AmpLightService.TestFieldServiceAmp.Test_GetFieldState_NoPitchForId" executed="True" result="Success" success="True" time="0.005" asserts="0" />
                          <test-case name="Test.SportsWeb.Services.AmpLightService.TestFieldServiceAmp.Test_GetFieldState_Throws" executed="True" result="Success" success="True" time="0.015" asserts="0" />
                          <test-case name="Test.SportsWeb.Services.AmpLightService.TestFieldServiceAmp.Test_SetFieldState_Throws" executed="True" result="Success" success="True" time="0.008" asserts="0" />
                        </results>
                      </test-suite>
                      <test-suite type="TestFixture" name="TestSiteServiceAmp" executed="True" result="Success" success="True" time="0.262" asserts="0">
                        <results>
                          <test-case name="Test.SportsWeb.Services.AmpLightService.TestSiteServiceAmp.GetSite_SiteDoesNotExist" executed="True" result="Success" success="True" time="0.022" asserts="0" />
                          <test-case name="Test.SportsWeb.Services.AmpLightService.TestSiteServiceAmp.GetSite_WithAmpIntersect" executed="True" result="Success" success="True" time="0.025" asserts="0" />
                          <test-case name="Test.SportsWeb.Services.AmpLightService.TestSiteServiceAmp.GetSite_WithoutAmpIntersect" executed="True" result="Success" success="True" time="0.005" asserts="0" />
                          <test-case name="Test.SportsWeb.Services.AmpLightService.TestSiteServiceAmp.GetSiteState" executed="True" result="Success" success="True" time="0.021" asserts="0" />
                          <test-case name="Test.SportsWeb.Services.AmpLightService.TestSiteServiceAmp.SwitchOff" executed="True" result="Success" success="True" time="0.014" asserts="0" />
                          <test-case name="Test.SportsWeb.Services.AmpLightService.TestSiteServiceAmp.Test_FieldsIntersect_Works" executed="True" result="Success" success="True" time="0.006" asserts="0" />
                          <test-case name="Test.SportsWeb.Services.AmpLightService.TestSiteServiceAmp.Test_GetSites_ControlUiUser_NoSitesForId_Works" executed="True" result="Success" success="True" time="0.025" asserts="0" />
                          <test-case name="Test.SportsWeb.Services.AmpLightService.TestSiteServiceAmp.Test_GetSites_ControlUiUser_Works" executed="True" result="Success" success="True" time="0.021" asserts="0" />
                          <test-case name="Test.SportsWeb.Services.AmpLightService.TestSiteServiceAmp.Test_GetSites_NoSitesForId_Works" executed="True" result="Success" success="True" time="0.012" asserts="0" />
                          <test-case name="Test.SportsWeb.Services.AmpLightService.TestSiteServiceAmp.Test_GetSites_SchedullingAppUser_NoSitesForId_Works" executed="True" result="Success" success="True" time="0.008" asserts="0" />
                          <test-case name="Test.SportsWeb.Services.AmpLightService.TestSiteServiceAmp.Test_GetSites_SchedullingAppUser_Works" executed="True" result="Success" success="True" time="0.012" asserts="0" />
                          <test-case name="Test.SportsWeb.Services.AmpLightService.TestSiteServiceAmp.Test_GetSites_throws" executed="True" result="Success" success="True" time="0.006" asserts="0" />
                          <test-case name="Test.SportsWeb.Services.AmpLightService.TestSiteServiceAmp.Test_GetSites_UserNameCaseIsIgnored" executed="True" result="Success" success="True" time="0.006" asserts="0" />
                          <test-case name="Test.SportsWeb.Services.AmpLightService.TestSiteServiceAmp.Test_GetSites_Works" executed="True" result="Success" success="True" time="0.006" asserts="0" />
                          <test-case name="Test.SportsWeb.Services.AmpLightService.TestSiteServiceAmp.Test_GetSiteState_NoPitchForId_Works" executed="True" result="Success" success="True" time="0.006" asserts="0" />
                          <test-case name="Test.SportsWeb.Services.AmpLightService.TestSiteServiceAmp.Test_GetSiteState_NoSiteForId_Works" executed="True" result="Success" success="True" time="0.006" asserts="0" />
                          <test-case name="Test.SportsWeb.Services.AmpLightService.TestSiteServiceAmp.Test_GetSiteState_Throws" executed="True" result="Success" success="True" time="0.008" asserts="0" />
                          <test-case name="Test.SportsWeb.Services.AmpLightService.TestSiteServiceAmp.Test_SwitchOff_Throws" executed="True" result="Success" success="True" time="0.007" asserts="0" />
                        </results>
                      </test-suite>
                    </results>
                  </test-suite>
                  <test-suite type="Namespace" name="AppConfiguration" executed="True" result="Success" success="True" time="0.019" asserts="0">
                    <results>
                      <test-suite type="TestFixture" name="TestConnectionStringProvider" executed="True" result="Success" success="True" time="0.019" asserts="0">
                        <results>
                          <test-case name="Test.SportsWeb.Services.AppConfiguration.TestConnectionStringProvider.Test_AdminConnectionStringProvider_Works" executed="True" result="Success" success="True" time="0.015" asserts="0" />
                          <test-case name="Test.SportsWeb.Services.AppConfiguration.TestConnectionStringProvider.Test_ConnectionStringProvider_Works" executed="True" result="Success" success="True" time="0.002" asserts="0" />
                        </results>
                      </test-suite>
                    </results>
                  </test-suite>
                  <test-suite type="Namespace" name="Authentication" executed="True" result="Success" success="True" time="1.406" asserts="0">
                    <results>
                      <test-suite type="TestFixture" name="TestBearerAuthentication" executed="True" result="Success" success="True" time="1.394" asserts="0">
                        <results>
                          <test-case name="Test.SportsWeb.Services.Authentication.TestBearerAuthentication.Test_CreateBearerAuthOptions_Works" executed="True" result="Success" success="True" time="1.394" asserts="0" />
                        </results>
                      </test-suite>
                      <test-suite type="TestFixture" name="TestPrincipalHelper" executed="True" result="Success" success="True" time="0.009" asserts="0">
                        <results>
                          <test-case name="Test.SportsWeb.Services.Authentication.TestPrincipalHelper.Test_GetRoles_Admin_Works" executed="True" result="Success" success="True" time="0.008" asserts="0" />
                        </results>
                      </test-suite>
                    </results>
                  </test-suite>
                  <test-suite type="Namespace" name="CommandHandlers" executed="True" result="Success" success="True" time="0.649" asserts="0">
                    <results>
                      <test-suite type="TestFixture" name="TestAddAmpCustomerUserCommandHandler" executed="True" result="Success" success="True" time="0.078" asserts="0">
                        <results>
                          <test-case name="Test.SportsWeb.Services.CommandHandlers.TestAddAmpCustomerUserCommandHandler.Handle" executed="True" result="Success" success="True" time="0.077" asserts="0" />
                        </results>
                      </test-suite>
                      <test-suite type="TestFixture" name="TestAddKeypadCommandHandler" executed="True" result="Success" success="True" time="0.020" asserts="0">
                        <results>
                          <test-case name="Test.SportsWeb.Services.CommandHandlers.TestAddKeypadCommandHandler.Handle" executed="True" result="Success" success="True" time="0.019" asserts="0" />
                        </results>
                      </test-suite>
                      <test-suite type="TestFixture" name="TestAddSceneChangeCommandHandler" executed="True" result="Success" success="True" time="0.017" asserts="0">
                        <results>
                          <test-case name="Test.SportsWeb.Services.CommandHandlers.TestAddSceneChangeCommandHandler.Handle" executed="True" result="Success" success="True" time="0.017" asserts="0" />
                        </results>
                      </test-suite>
                      <test-suite type="TestFixture" name="TestAddSceneSettingsCommandHandler" executed="True" result="Success" success="True" time="0.015" asserts="0">
                        <results>
                          <test-case name="Test.SportsWeb.Services.CommandHandlers.TestAddSceneSettingsCommandHandler.Handle" executed="True" result="Success" success="True" time="0.014" asserts="0" />
                        </results>
                      </test-suite>
                      <test-suite type="TestFixture" name="TestAddScheduleCommandHandler" executed="True" result="Inconclusive" success="False" time="0.000" asserts="0" />
                      <test-suite type="TestFixture" name="TestCreateAdministratorCommandHandler" executed="True" result="Success" success="True" time="0.046" asserts="0">
                        <results>
                          <test-case name="Test.SportsWeb.Services.CommandHandlers.TestCreateAdministratorCommandHandler.Handle" executed="True" result="Success" success="True" time="0.043" asserts="0" />
                        </results>
                      </test-suite>
                      <test-suite type="TestFixture" name="TestCreateCustomerCommandHandler" executed="True" result="Success" success="True" time="0.020" asserts="0">
                        <results>
                          <test-case name="Test.SportsWeb.Services.CommandHandlers.TestCreateCustomerCommandHandler.Handle" executed="True" result="Success" success="True" time="0.019" asserts="0" />
                        </results>
                      </test-suite>
                      <test-suite type="TestFixture" name="TestCreateCustomerCommandLegacyHandler" executed="True" result="Success" success="True" time="0.006" asserts="0">
                        <results>
                          <test-case name="Test.SportsWeb.Services.CommandHandlers.TestCreateCustomerCommandLegacyHandler.Handle" executed="True" result="Success" success="True" time="0.005" asserts="0" />
                        </results>
                      </test-suite>
                      <test-suite type="TestFixture" name="TestCreatePitchCommandHandler" executed="True" result="Success" success="True" time="0.024" asserts="0">
                        <results>
                          <test-case name="Test.SportsWeb.Services.CommandHandlers.TestCreatePitchCommandHandler.Handle" executed="True" result="Success" success="True" time="0.023" asserts="0" />
                        </results>
                      </test-suite>
                      <test-suite type="TestFixture" name="TestCreateSiteCommandHandler" executed="True" result="Inconclusive" success="False" time="0.000" asserts="0" />
                      <test-suite type="TestFixture" name="TestCreateUserCommandHandler" executed="True" result="Success" success="True" time="0.030" asserts="0">
                        <results>
                          <test-case name="Test.SportsWeb.Services.CommandHandlers.TestCreateUserCommandHandler.Handle" executed="True" result="Success" success="True" time="0.029" asserts="0" />
                        </results>
                      </test-suite>
                      <test-suite type="TestFixture" name="TestCreateUserWithPermissionCommandHandler" executed="True" result="Success" success="True" time="0.024" asserts="0">
                        <results>
                          <test-case name="Test.SportsWeb.Services.CommandHandlers.TestCreateUserWithPermissionCommandHandler.Handle" executed="True" result="Success" success="True" time="0.023" asserts="0" />
                        </results>
                      </test-suite>
                      <test-suite type="TestFixture" name="TestDeleteAdministratorCommandHandler" executed="True" result="Success" success="True" time="0.021" asserts="0">
                        <results>
                          <test-case name="Test.SportsWeb.Services.CommandHandlers.TestDeleteAdministratorCommandHandler.Handle" executed="True" result="Success" success="True" time="0.020" asserts="0" />
                        </results>
                      </test-suite>
                      <test-suite type="TestFixture" name="TestDeletePitchCommandHandler" executed="True" result="Success" success="True" time="0.014" asserts="0">
                        <results>
                          <test-case name="Test.SportsWeb.Services.CommandHandlers.TestDeletePitchCommandHandler.Handle" executed="True" result="Success" success="True" time="0.013" asserts="0" />
                        </results>
                      </test-suite>
                      <test-suite type="TestFixture" name="TestDeleteScheduleCommandHandler" executed="True" result="Success" success="True" time="0.027" asserts="0">
                        <results>
                          <test-case name="Test.SportsWeb.Services.CommandHandlers.TestDeleteScheduleCommandHandler.Handle" executed="True" result="Success" success="True" time="0.026" asserts="0" />
                        </results>
                      </test-suite>
                      <test-suite type="TestFixture" name="TestDeleteSiteCommandHandler" executed="True" result="Success" success="True" time="0.016" asserts="0">
                        <results>
                          <test-case name="Test.SportsWeb.Services.CommandHandlers.TestDeleteSiteCommandHandler.Handle" executed="True" result="Success" success="True" time="0.016" asserts="0" />
                        </results>
                      </test-suite>
                      <test-suite type="TestFixture" name="TestDeleteUserFromSiteCommandHandler" executed="True" result="Success" success="True" time="0.013" asserts="0">
                        <results>
                          <test-case name="Test.SportsWeb.Services.CommandHandlers.TestDeleteUserFromSiteCommandHandler.Handle" executed="True" result="Success" success="True" time="0.012" asserts="0" />
                        </results>
                      </test-suite>
                      <test-suite type="TestFixture" name="TestSetCustomSceneForSiteCommandHandler" executed="True" result="Success" success="True" time="0.016" asserts="0">
                        <results>
                          <test-case name="Test.SportsWeb.Services.CommandHandlers.TestSetCustomSceneForSiteCommandHandler.Handle" executed="True" result="Success" success="True" time="0.015" asserts="0" />
                        </results>
                      </test-suite>
                      <test-suite type="TestFixture" name="TestUpdateAdministratorCommandHandler" executed="True" result="Success" success="True" time="0.013" asserts="0">
                        <results>
                          <test-case name="Test.SportsWeb.Services.CommandHandlers.TestUpdateAdministratorCommandHandler.Handle" executed="True" result="Success" success="True" time="0.012" asserts="0" />
                        </results>
                      </test-suite>
                      <test-suite type="TestFixture" name="TestUpdateCustomerCommandHandler" executed="True" result="Success" success="True" time="0.015" asserts="0">
                        <results>
                          <test-case name="Test.SportsWeb.Services.CommandHandlers.TestUpdateCustomerCommandHandler.Handle" executed="True" result="Success" success="True" time="0.015" asserts="0" />
                        </results>
                      </test-suite>
                      <test-suite type="TestFixture" name="TestUpdateCustomSceneForSiteCommandHandler" executed="True" result="Success" success="True" time="0.045" asserts="0">
                        <results>
                          <test-case name="Test.SportsWeb.Services.CommandHandlers.TestUpdateCustomSceneForSiteCommandHandler.Handle" executed="True" result="Success" success="True" time="0.034" asserts="0" />
                        </results>
                      </test-suite>
                      <test-suite type="TestFixture" name="TestUpdateKeypadCommandHandler" executed="True" result="Success" success="True" time="0.015" asserts="0">
                        <results>
                          <test-case name="Test.SportsWeb.Services.CommandHandlers.TestUpdateKeypadCommandHandler.Handle" executed="True" result="Success" success="True" time="0.014" asserts="0" />
                        </results>
                      </test-suite>
                      <test-suite type="TestFixture" name="TestUpdatePitchCommandHandler" executed="True" result="Success" success="True" time="0.020" asserts="0">
                        <results>
                          <test-case name="Test.SportsWeb.Services.CommandHandlers.TestUpdatePitchCommandHandler.Handle" executed="True" result="Success" success="True" time="0.019" asserts="0" />
                        </results>
                      </test-suite>
                      <test-suite type="TestFixture" name="TestUpdateSceneSettingsCommandHandler" executed="True" result="Success" success="True" time="0.017" asserts="0">
                        <results>
                          <test-case name="Test.SportsWeb.Services.CommandHandlers.TestUpdateSceneSettingsCommandHandler.Handle" executed="True" result="Success" success="True" time="0.016" asserts="0" />
                        </results>
                      </test-suite>
                      <test-suite type="TestFixture" name="TestUpdateScheduleCommandHandler" executed="True" result="Success" success="True" time="0.021" asserts="0">
                        <results>
                          <test-case name="Test.SportsWeb.Services.CommandHandlers.TestUpdateScheduleCommandHandler.Handle" executed="True" result="Success" success="True" time="0.020" asserts="0" />
                        </results>
                      </test-suite>
                      <test-suite type="TestFixture" name="TestUpdateSiteCommandHandler" executed="True" result="Inconclusive" success="False" time="0.001" asserts="0" />
                      <test-suite type="TestFixture" name="TestUpdateStateCommandHandler" executed="True" result="Success" success="True" time="0.040" asserts="0">
                        <results>
                          <test-case name="Test.SportsWeb.Services.CommandHandlers.TestUpdateStateCommandHandler.Test_Handel_Works" executed="True" result="Success" success="True" time="0.032" asserts="0" />
                          <test-case name="Test.SportsWeb.Services.CommandHandlers.TestUpdateStateCommandHandler.Test_Handel_Works_Adds" executed="True" result="Success" success="True" time="0.006" asserts="0" />
                        </results>
                      </test-suite>
                      <test-suite type="TestFixture" name="TestUpdateUserCommandHandler" executed="True" result="Success" success="True" time="0.014" asserts="0">
                        <results>
                          <test-case name="Test.SportsWeb.Services.CommandHandlers.TestUpdateUserCommandHandler.Handle" executed="True" result="Success" success="True" time="0.014" asserts="0" />
                        </results>
                      </test-suite>
                      <test-suite type="TestFixture" name="TestUpdateUserWithPermissionCommandHandler" executed="True" result="Success" success="True" time="0.013" asserts="0">
                        <results>
                          <test-case name="Test.SportsWeb.Services.CommandHandlers.TestUpdateUserWithPermissionCommandHandler.Handle" executed="True" result="Success" success="True" time="0.012" asserts="0" />
                        </results>
                      </test-suite>
                    </results>
                  </test-suite>
                  <test-suite type="Namespace" name="Configuration" executed="True" result="Inconclusive" success="False" time="0.014" asserts="0">
                    <results>
                      <test-suite type="TestFixture" name="TestStageConfigurationExtractor" executed="True" result="Inconclusive" success="False" time="0.014" asserts="0" />
                    </results>
                  </test-suite>
                  <test-suite type="Namespace" name="EndUserApplication" executed="True" result="Success" success="True" time="0.023" asserts="0">
                    <results>
                      <test-suite type="TestFixture" name="TestUserServices" executed="True" result="Success" success="True" time="0.023" asserts="0">
                        <results>
                          <test-case name="Test.SportsWeb.Services.EndUserApplication.TestUserServices.Test_GetControlUiurl_Works" executed="True" result="Success" success="True" time="0.022" asserts="0" />
                        </results>
                      </test-suite>
                    </results>
                  </test-suite>
                  <test-suite type="Namespace" name="FeatureManagement" executed="True" result="Success" success="True" time="0.025" asserts="0">
                    <results>
                      <test-suite type="TestFixture" name="TestFeatureManager" executed="True" result="Success" success="True" time="0.024" asserts="0">
                        <results>
                          <test-case name="Test.SportsWeb.Services.FeatureManagement.TestFeatureManager.Test_IsFeatureEnabled_Works" executed="True" result="Success" success="True" time="0.024" asserts="0" />
                        </results>
                      </test-suite>
                    </results>
                  </test-suite>
                  <test-suite type="Namespace" name="Helpers" executed="True" result="Success" success="True" time="0.110" asserts="0">
                    <results>
                      <test-suite type="TestFixture" name="TestAesEncryptorDecryptor" executed="True" result="Success" success="True" time="0.060" asserts="0">
                        <results>
                          <test-case name="Test.SportsWeb.Services.Helpers.TestAesEncryptorDecryptor.Test_Decrypt_Works" executed="True" result="Success" success="True" time="0.048" asserts="0" />
                          <test-case name="Test.SportsWeb.Services.Helpers.TestAesEncryptorDecryptor.Test_Encrypt_Works" executed="True" result="Success" success="True" time="0.011" asserts="0" />
                        </results>
                      </test-suite>
                      <test-suite type="TestFixture" name="TestSafeCallContext" executed="True" result="Success" success="True" time="0.047" asserts="0">
                        <results>
                          <test-case name="Test.SportsWeb.Services.Helpers.TestSafeCallContext.Test_CheckWithHttpContext" executed="True" result="Success" success="True" time="0.043" asserts="0" />
                          <test-case name="Test.SportsWeb.Services.Helpers.TestSafeCallContext.Test_SafeCallContext" executed="True" result="Success" success="True" time="0.000" asserts="0" />
                          <test-case name="Test.SportsWeb.Services.Helpers.TestSafeCallContext.Test_SafeCallContext_FreeNamedSlot" executed="True" result="Success" success="True" time="0.000" asserts="0" />
                          <test-case name="Test.SportsWeb.Services.Helpers.TestSafeCallContext.Test_SafeCallContext_TryGetData" executed="True" result="Success" success="True" time="0.000" asserts="0" />
                        </results>
                      </test-suite>
                    </results>
                  </test-suite>
                  <test-suite type="TestFixture" name="TestAdminService" executed="True" result="Success" success="True" time="0.260" asserts="0">
                    <results>
                      <test-case name="Test.SportsWeb.Services.TestAdminService.Test_BindAdministrator_Deleted_Works" executed="True" result="Success" success="True" time="0.090" asserts="0" />
                      <test-case name="Test.SportsWeb.Services.TestAdminService.Test_BindAdministrator_dev_Works" executed="True" result="Success" success="True" time="0.018" asserts="0" />
                      <test-case name="Test.SportsWeb.Services.TestAdminService.Test_BindAdministrator_Installer_Works" executed="True" result="Success" success="True" time="0.017" asserts="0" />
                      <test-case name="Test.SportsWeb.Services.TestAdminService.Test_BindAdministrator_userNotCreated_throws" executed="True" result="Success" success="True" time="0.036" asserts="0" />
                      <test-case name="Test.SportsWeb.Services.TestAdminService.Test_GetIdByUserName_Works" executed="True" result="Success" success="True" time="0.006" asserts="0" />
                      <test-case name="Test.SportsWeb.Services.TestAdminService.Test_GetUserByUserName_Returns_Null" executed="True" result="Success" success="True" time="0.006" asserts="0" />
                      <test-case name="Test.SportsWeb.Services.TestAdminService.Test_GetUserByUserName_Throws" executed="True" result="Success" success="True" time="0.023" asserts="0" />
                      <test-case name="Test.SportsWeb.Services.TestAdminService.Test_GetUserByUserName_Works" executed="True" result="Success" success="True" time="0.006" asserts="0" />
                      <test-case name="Test.SportsWeb.Services.TestAdminService.Test_IsSoftDeletedUser_Throws" executed="True" result="Success" success="True" time="0.006" asserts="0" />
                      <test-case name="Test.SportsWeb.Services.TestAdminService.Test_IsSoftDeletedUser_Works" executed="True" result="Success" success="True" time="0.005" asserts="0" />
                      <test-case name="Test.SportsWeb.Services.TestAdminService.Test_UpdateAdministrator_Throws" executed="True" result="Success" success="True" time="0.004" asserts="0" />
                      <test-case name="Test.SportsWeb.Services.TestAdminService.Test_UpdateAdministrator_Works" executed="True" result="Success" success="True" time="0.005" asserts="0" />
                    </results>
                  </test-suite>
                  <test-suite type="TestFixture" name="TestAmpCabinet" executed="True" result="Success" success="True" time="2.620" asserts="0">
                    <results>
                      <test-case name="Test.SportsWeb.Services.TestAmpCabinet.Test_Create_Unknown_FaultException_Throws" executed="True" result="Success" success="True" time="0.231" asserts="0" />
                      <test-case name="Test.SportsWeb.Services.TestAmpCabinet.Test_CreateCustomer_FaultException_200_Throws" executed="True" result="Success" success="True" time="0.065" asserts="0" />
                      <test-case name="Test.SportsWeb.Services.TestAmpCabinet.Test_CreateCustomer_FaultException_202_Throws" executed="True" result="Success" success="True" time="0.029" asserts="0" />
                      <test-case name="Test.SportsWeb.Services.TestAmpCabinet.Test_CreateCustomer_FaultException_203_Throws" executed="True" result="Success" success="True" time="0.030" asserts="0" />
                      <test-case name="Test.SportsWeb.Services.TestAmpCabinet.Test_CreateCustomer_FaultException_204_Throws" executed="True" result="Success" success="True" time="0.031" asserts="0" />
                      <test-case name="Test.SportsWeb.Services.TestAmpCabinet.Test_CreateCustomer_FaultException_205_Throws" executed="True" result="Success" success="True" time="0.031" asserts="0" />
                      <test-case name="Test.SportsWeb.Services.TestAmpCabinet.Test_CreateCustomer_FaultException_206_Throws" executed="True" result="Success" success="True" time="0.027" asserts="0" />
                      <test-case name="Test.SportsWeb.Services.TestAmpCabinet.Test_CreateCustomer_FaultException_207_Throws" executed="True" result="Success" success="True" time="0.025" asserts="0" />
                      <test-case name="Test.SportsWeb.Services.TestAmpCabinet.Test_CreateCustomer_FaultException_210_Throws" executed="True" result="Success" success="True" time="0.027" asserts="0" />
                      <test-case name="Test.SportsWeb.Services.TestAmpCabinet.Test_CreateCustomer_FaultException_212_Throws" executed="True" result="Success" success="True" time="0.025" asserts="0" />
                      <test-case name="Test.SportsWeb.Services.TestAmpCabinet.Test_CreateCustomer_FaultException_217_Throws" executed="True" result="Success" success="True" time="0.025" asserts="0" />
                      <test-case name="Test.SportsWeb.Services.TestAmpCabinet.Test_CreateCustomer_FaultException_220_Throws" executed="True" result="Success" success="True" time="0.028" asserts="0" />
                      <test-case name="Test.SportsWeb.Services.TestAmpCabinet.Test_CreateCustomer_FaultException_221_Throws" executed="True" result="Success" success="True" time="0.029" asserts="0" />
                      <test-case name="Test.SportsWeb.Services.TestAmpCabinet.Test_CreateCustomer_Input_Null_Throws" executed="True" result="Success" success="True" time="0.009" asserts="0" />
                      <test-case name="Test.SportsWeb.Services.TestAmpCabinet.Test_CreateCustomer_NotFaultException_Throws" executed="True" result="Success" success="True" time="0.016" asserts="0" />
                      <test-case name="Test.SportsWeb.Services.TestAmpCabinet.Test_CreateCustomer_Works" executed="True" result="Success" success="True" time="0.014" asserts="0" />
                      <test-case name="Test.SportsWeb.Services.TestAmpCabinet.Test_CreatePitch_Exception_Throws" executed="True" result="Success" success="True" time="0.031" asserts="0" />
                      <test-case name="Test.SportsWeb.Services.TestAmpCabinet.Test_CreatePitch_FaultException_130_Throws" executed="True" result="Success" success="True" time="0.031" asserts="0" />
                      <test-case name="Test.SportsWeb.Services.TestAmpCabinet.Test_CreatePitch_FaultException_131_Throws" executed="True" result="Success" success="True" time="0.030" asserts="0" />
                      <test-case name="Test.SportsWeb.Services.TestAmpCabinet.Test_CreatePitch_FaultException_132_Throws" executed="True" result="Success" success="True" time="0.031" asserts="0" />
                      <test-case name="Test.SportsWeb.Services.TestAmpCabinet.Test_CreatePitch_FaultException_150_Throws" executed="True" result="Success" success="True" time="0.029" asserts="0" />
                      <test-case name="Test.SportsWeb.Services.TestAmpCabinet.Test_CreatePitch_FaultException_155_Throws" executed="True" result="Success" success="True" time="0.026" asserts="0" />
                      <test-case name="Test.SportsWeb.Services.TestAmpCabinet.Test_CreatePitch_FaultException_Unlnown_Throws" executed="True" result="Success" success="True" time="0.016" asserts="0" />
                      <test-case name="Test.SportsWeb.Services.TestAmpCabinet.Test_CreatePitch_Input_Null_throws" executed="True" result="Success" success="True" time="0.009" asserts="0" />
                      <test-case name="Test.SportsWeb.Services.TestAmpCabinet.Test_CreatePitch_Works" executed="True" result="Success" success="True" time="0.014" asserts="0" />
                      <test-case name="Test.SportsWeb.Services.TestAmpCabinet.Test_CreateSite_FaultException_151_Throws" executed="True" result="Success" success="True" time="0.029" asserts="0" />
                      <test-case name="Test.SportsWeb.Services.TestAmpCabinet.Test_CreateSite_FaultException_152_Throws" executed="True" result="Success" success="True" time="0.032" asserts="0" />
                      <test-case name="Test.SportsWeb.Services.TestAmpCabinet.Test_CreateSite_FaultException_153_Throws" executed="True" result="Success" success="True" time="0.030" asserts="0" />
                      <test-case name="Test.SportsWeb.Services.TestAmpCabinet.Test_CreateSite_FaultException_154_Throws" executed="True" result="Success" success="True" time="0.025" asserts="0" />
                      <test-case name="Test.SportsWeb.Services.TestAmpCabinet.Test_CreateSite_FaultException_500_Throws" executed="True" result="Success" success="True" time="0.028" asserts="0" />
                      <test-case name="Test.SportsWeb.Services.TestAmpCabinet.Test_CreateSite_Input_Null_Throws" executed="True" result="Success" success="True" time="0.008" asserts="0" />
                      <test-case name="Test.SportsWeb.Services.TestAmpCabinet.Test_CreateSite_Unknown_FaultException_Throws" executed="True" result="Success" success="True" time="0.017" asserts="0" />
                      <test-case name="Test.SportsWeb.Services.TestAmpCabinet.Test_CreateSite_Works" executed="True" result="Success" success="True" time="0.011" asserts="0" />
                      <test-case name="Test.SportsWeb.Services.TestAmpCabinet.Test_CreateSites_NotFaultException_Throws" executed="True" result="Success" success="True" time="0.013" asserts="0" />
                      <test-case name="Test.SportsWeb.Services.TestAmpCabinet.Test_DeletePitch_FaultException_150_Throws" executed="True" result="Success" success="True" time="0.036" asserts="0" />
                      <test-case name="Test.SportsWeb.Services.TestAmpCabinet.Test_DeletePitch_FaultException_155_Throws" executed="True" result="Success" success="True" time="0.029" asserts="0" />
                      <test-case name="Test.SportsWeb.Services.TestAmpCabinet.Test_DeletePitch_FaultException_500_Throws" executed="True" result="Success" success="True" time="0.018" asserts="0" />
                      <test-case name="Test.SportsWeb.Services.TestAmpCabinet.Test_DeletePitch_Input_Null_Throws" executed="True" result="Success" success="True" time="0.009" asserts="0" />
                      <test-case name="Test.SportsWeb.Services.TestAmpCabinet.Test_DeletePitch_ResponseNull_Throws" executed="True" result="Success" success="True" time="0.019" asserts="0" />
                      <test-case name="Test.SportsWeb.Services.TestAmpCabinet.Test_DeletePitch_Unknown_FaultException_Throws" executed="True" result="Success" success="True" time="0.022" asserts="0" />
                      <test-case name="Test.SportsWeb.Services.TestAmpCabinet.Test_DeletePitch_Works" executed="True" result="Success" success="True" time="0.015" asserts="0" />
                      <test-case name="Test.SportsWeb.Services.TestAmpCabinet.Test_DeleteSite_FaultException_150_Throws" executed="True" result="Success" success="True" time="0.032" asserts="0" />
                      <test-case name="Test.SportsWeb.Services.TestAmpCabinet.Test_DeleteSite_FaultException_155_Throws" executed="True" result="Success" success="True" time="0.025" asserts="0" />
                      <test-case name="Test.SportsWeb.Services.TestAmpCabinet.Test_DeleteSite_FaultException_500_Throws" executed="True" result="Success" success="True" time="0.029" asserts="0" />
                      <test-case name="Test.SportsWeb.Services.TestAmpCabinet.Test_DeleteSite_Input_Null_Throws" executed="True" result="Success" success="True" time="0.009" asserts="0" />
                      <test-case name="Test.SportsWeb.Services.TestAmpCabinet.Test_DeleteSite_ResponseNull_Throws" executed="True" result="Success" success="True" time="0.016" asserts="0" />
                      <test-case name="Test.SportsWeb.Services.TestAmpCabinet.Test_DeleteSite_Unknown_FaultException_Throws" executed="True" result="Success" success="True" time="0.015" asserts="0" />
                      <test-case name="Test.SportsWeb.Services.TestAmpCabinet.Test_DeleteSite_Works" executed="True" result="Success" success="True" time="0.013" asserts="0" />
                      <test-case name="Test.SportsWeb.Services.TestAmpCabinet.Test_EditField_FaultException_150_Throws" executed="True" result="Success" success="True" time="0.039" asserts="0" />
                      <test-case name="Test.SportsWeb.Services.TestAmpCabinet.Test_EditField_FaultException_155_Throws" executed="True" result="Success" success="True" time="0.033" asserts="0" />
                      <test-case name="Test.SportsWeb.Services.TestAmpCabinet.Test_EditField_FaultException_500_Throws" executed="True" result="Success" success="True" time="0.017" asserts="0" />
                      <test-case name="Test.SportsWeb.Services.TestAmpCabinet.Test_EditField_Input_Null_Throws" executed="True" result="Success" success="True" time="0.012" asserts="0" />
                      <test-case name="Test.SportsWeb.Services.TestAmpCabinet.Test_EditField_ResponseNull_Throws" executed="True" result="Success" success="True" time="0.014" asserts="0" />
                      <test-case name="Test.SportsWeb.Services.TestAmpCabinet.Test_EditField_Unknown_FaultException_Throws" executed="True" result="Success" success="True" time="0.015" asserts="0" />
                      <test-case name="Test.SportsWeb.Services.TestAmpCabinet.Test_EditField_Works" executed="True" result="Success" success="True" time="0.014" asserts="0" />
                      <test-case name="Test.SportsWeb.Services.TestAmpCabinet.Test_EditSite_FaultException_151_Throws" executed="True" result="Success" success="True" time="0.032" asserts="0" />
                      <test-case name="Test.SportsWeb.Services.TestAmpCabinet.Test_EditSite_FaultException_152_Throws" executed="True" result="Success" success="True" time="0.027" asserts="0" />
                      <test-case name="Test.SportsWeb.Services.TestAmpCabinet.Test_EditSite_FaultException_153_Throws" executed="True" result="Success" success="True" time="0.026" asserts="0" />
                      <test-case name="Test.SportsWeb.Services.TestAmpCabinet.Test_EditSite_FaultException_154_Throws" executed="True" result="Success" success="True" time="0.026" asserts="0" />
                      <test-case name="Test.SportsWeb.Services.TestAmpCabinet.Test_EditSite_FaultException_500_Throws" executed="True" result="Success" success="True" time="0.030" asserts="0" />
                      <test-case name="Test.SportsWeb.Services.TestAmpCabinet.Test_EditSite_Input_Null_Throws" executed="True" result="Success" success="True" time="0.009" asserts="0" />
                      <test-case name="Test.SportsWeb.Services.TestAmpCabinet.Test_EditSite_Throws_IfAmpWebsendsWrongStatusCode" executed="True" result="Success" success="True" time="0.013" asserts="0" />
                      <test-case name="Test.SportsWeb.Services.TestAmpCabinet.Test_EditSite_Unknown_FaultException_Throws" executed="True" result="Success" success="True" time="0.015" asserts="0" />
                      <test-case name="Test.SportsWeb.Services.TestAmpCabinet.Test_EditSite_Works" executed="True" result="Success" success="True" time="0.015" asserts="0" />
                      <test-case name="Test.SportsWeb.Services.TestAmpCabinet.Test_EditSites_NotFaultException_Throws" executed="True" result="Success" success="True" time="0.013" asserts="0" />
                      <test-case name="Test.SportsWeb.Services.TestAmpCabinet.Test_getControllerStatus_FaultException_1_Throws" executed="True" result="Success" success="True" time="0.030" asserts="0" />
                      <test-case name="Test.SportsWeb.Services.TestAmpCabinet.Test_getControllerStatus_FaultException_150_Throws" executed="True" result="Success" success="True" time="0.025" asserts="0" />
                      <test-case name="Test.SportsWeb.Services.TestAmpCabinet.Test_getControllerStatus_FaultException_155_Throws" executed="True" result="Success" success="True" time="0.025" asserts="0" />
                      <test-case name="Test.SportsWeb.Services.TestAmpCabinet.Test_getControllerStatus_FaultException_2_Throws" executed="True" result="Success" success="True" time="0.031" asserts="0" />
                      <test-case name="Test.SportsWeb.Services.TestAmpCabinet.Test_getControllerStatus_FaultException_22_Throws" executed="True" result="Success" success="True" time="0.030" asserts="0" />
                      <test-case name="Test.SportsWeb.Services.TestAmpCabinet.Test_getControllerStatus_FaultException_32_Throws" executed="True" result="Success" success="True" time="0.027" asserts="0" />
                      <test-case name="Test.SportsWeb.Services.TestAmpCabinet.Test_getControllerStatus_NotFaultException_Throws" executed="True" result="Success" success="True" time="0.012" asserts="0" />
                      <test-case name="Test.SportsWeb.Services.TestAmpCabinet.Test_getControllerStatus_Unknown_FaultException_Throws" executed="True" result="Success" success="True" time="0.015" asserts="0" />
                      <test-case name="Test.SportsWeb.Services.TestAmpCabinet.Test_getControllerStatus_Works" executed="True" result="Success" success="True" time="0.017" asserts="0" />
                      <test-case name="Test.SportsWeb.Services.TestAmpCabinet.Test_GetCustomerUserInfo_Noampuser_Works" executed="True" result="Success" success="True" time="0.015" asserts="0" />
                      <test-case name="Test.SportsWeb.Services.TestAmpCabinet.Test_GetCustomerUserInfo_Works" executed="True" result="Success" success="True" time="0.009" asserts="0" />
                      <test-case name="Test.SportsWeb.Services.TestAmpCabinet.Test_GetField_Exception_SiteNodeIdRequired" executed="True" result="Success" success="True" time="0.022" asserts="0" />
                      <test-case name="Test.SportsWeb.Services.TestAmpCabinet.Test_GetField_FaultException_150_Throws" executed="True" result="Success" success="True" time="0.028" asserts="0" />
                      <test-case name="Test.SportsWeb.Services.TestAmpCabinet.Test_GetField_FaultException_155_Throws" executed="True" result="Success" success="True" time="0.026" asserts="0" />
                      <test-case name="Test.SportsWeb.Services.TestAmpCabinet.Test_GetField_NotFaultException_Throws" executed="True" result="Success" success="True" time="0.015" asserts="0" />
                      <test-case name="Test.SportsWeb.Services.TestAmpCabinet.Test_GetField_Unknown_FaultException_Throws" executed="True" result="Success" success="True" time="0.017" asserts="0" />
                      <test-case name="Test.SportsWeb.Services.TestAmpCabinet.Test_GetField_Works" executed="True" result="Success" success="True" time="0.013" asserts="0" />
                      <test-case name="Test.SportsWeb.Services.TestAmpCabinet.Test_GetFieldState_Works" executed="True" result="Success" success="True" time="0.014" asserts="0" />
                      <test-case name="Test.SportsWeb.Services.TestAmpCabinet.Test_GetSites_FaultException_500_Throws" executed="True" result="Success" success="True" time="0.030" asserts="0" />
                      <test-case name="Test.SportsWeb.Services.TestAmpCabinet.Test_GetSites_Input_Null_Throws" executed="True" result="Success" success="True" time="0.008" asserts="0" />
                      <test-case name="Test.SportsWeb.Services.TestAmpCabinet.Test_GetSites_NoResponse_Throws" executed="True" result="Success" success="True" time="0.010" asserts="0" />
                      <test-case name="Test.SportsWeb.Services.TestAmpCabinet.Test_GetSites_NotFaultException_Throws" executed="True" result="Success" success="True" time="0.012" asserts="0" />
                      <test-case name="Test.SportsWeb.Services.TestAmpCabinet.Test_GetSites_Unknown_FaultException_Throws" executed="True" result="Success" success="True" time="0.013" asserts="0" />
                      <test-case name="Test.SportsWeb.Services.TestAmpCabinet.Test_GetSites_Works" executed="True" result="Success" success="True" time="0.013" asserts="0" />
                      <test-case name="Test.SportsWeb.Services.TestAmpCabinet.Test_GetStandardUserInfo_Works" executed="True" result="Success" success="True" time="0.008" asserts="0" />
                      <test-case name="Test.SportsWeb.Services.TestAmpCabinet.Test_GetSuperUserInfo_Works" executed="True" result="Success" success="True" time="0.007" asserts="0" />
                      <test-case name="Test.SportsWeb.Services.TestAmpCabinet.Test_GetUserInfoFromSiteId_Works" executed="True" result="Success" success="True" time="0.012" asserts="0" />
                      <test-case name="Test.SportsWeb.Services.TestAmpCabinet.Test_SetFieldState_Works" executed="True" result="Success" success="True" time="0.013" asserts="0" />
                      <test-case name="Test.SportsWeb.Services.TestAmpCabinet.Test_SetSceneSettings_FaultException_150_Throws" executed="True" result="Success" success="True" time="0.039" asserts="0" />
                      <test-case name="Test.SportsWeb.Services.TestAmpCabinet.Test_SetSceneSettings_FaultException_155_Throws" executed="True" result="Success" success="True" time="0.027" asserts="0" />
                      <test-case name="Test.SportsWeb.Services.TestAmpCabinet.Test_SetSceneSettings_FaultException_156_Throws" executed="True" result="Success" success="True" time="0.030" asserts="0" />
                      <test-case name="Test.SportsWeb.Services.TestAmpCabinet.Test_SetSceneSettings_FaultException_409_Throws" executed="True" result="Success" success="True" time="0.026" asserts="0" />
                      <test-case name="Test.SportsWeb.Services.TestAmpCabinet.Test_SetSceneSettings_FaultException_500_Throws" executed="True" result="Success" success="True" time="0.030" asserts="0" />
                      <test-case name="Test.SportsWeb.Services.TestAmpCabinet.Test_SetSceneSettings_Input_Null_Throws" executed="True" result="Success" success="True" time="0.008" asserts="0" />
                      <test-case name="Test.SportsWeb.Services.TestAmpCabinet.Test_SetSceneSettings_ResponseNull_Throws" executed="True" result="Success" success="True" time="0.015" asserts="0" />
                      <test-case name="Test.SportsWeb.Services.TestAmpCabinet.Test_SetSceneSettings_Unknown_FaultException_Throws" executed="True" result="Success" success="True" time="0.014" asserts="0" />
                      <test-case name="Test.SportsWeb.Services.TestAmpCabinet.Test_SetSceneSettings_Works" executed="True" result="Success" success="True" time="0.019" asserts="0" />
                    </results>
                  </test-suite>
                  <test-suite type="TestFixture" name="TestAmpCabinet_Circuits" executed="True" result="Success" success="True" time="3.084" asserts="0">
                    <results>
                      <test-case name="Test.SportsWeb.Services.TestAmpCabinet_Circuits.Test_AbortAutoCircuitDetection_FaultException_150_Throws" executed="True" result="Success" success="True" time="0.048" asserts="0" />
                      <test-case name="Test.SportsWeb.Services.TestAmpCabinet_Circuits.Test_AbortAutoCircuitDetection_FaultException_155_Throws" executed="True" result="Success" success="True" time="0.030" asserts="0" />
                      <test-case name="Test.SportsWeb.Services.TestAmpCabinet_Circuits.Test_AbortAutoCircuitDetection_FaultException_177_Throws" executed="True" result="Success" success="True" time="0.029" asserts="0" />
                      <test-case name="Test.SportsWeb.Services.TestAmpCabinet_Circuits.Test_AbortAutoCircuitDetection_FaultException_178_Throws" executed="True" result="Success" success="True" time="0.035" asserts="0" />
                      <test-case name="Test.SportsWeb.Services.TestAmpCabinet_Circuits.Test_AbortAutoCircuitDetection_FaultException_373_Throws" executed="True" result="Success" success="True" time="0.030" asserts="0" />
                      <test-case name="Test.SportsWeb.Services.TestAmpCabinet_Circuits.Test_AbortAutoCircuitDetection_FaultException_374_Throws" executed="True" result="Success" success="True" time="0.028" asserts="0" />
                      <test-case name="Test.SportsWeb.Services.TestAmpCabinet_Circuits.Test_AbortAutoCircuitDetection_FaultException_375_Throws" executed="True" result="Success" success="True" time="0.027" asserts="0" />
                      <test-case name="Test.SportsWeb.Services.TestAmpCabinet_Circuits.Test_AbortAutoCircuitDetection_FaultException_500_Throws" executed="True" result="Success" success="True" time="0.027" asserts="0" />
                      <test-case name="Test.SportsWeb.Services.TestAmpCabinet_Circuits.Test_AbortAutoCircuitDetection_Input_Null_Throws" executed="True" result="Success" success="True" time="0.009" asserts="0" />
                      <test-case name="Test.SportsWeb.Services.TestAmpCabinet_Circuits.Test_AbortAutoCircuitDetection_NoStopRequestFound_Throws" executed="True" result="Success" success="True" time="0.032" asserts="0" />
                      <test-case name="Test.SportsWeb.Services.TestAmpCabinet_Circuits.Test_AbortAutoCircuitDetection_Site_Not_Found_Throws" executed="True" result="Success" success="True" time="0.014" asserts="0" />
                      <test-case name="Test.SportsWeb.Services.TestAmpCabinet_Circuits.Test_AbortAutoCircuitDetection_StatusUnknown_Throws" executed="True" result="Success" success="True" time="0.014" asserts="0" />
                      <test-case name="Test.SportsWeb.Services.TestAmpCabinet_Circuits.Test_AbortAutoCircuitDetection_StopAlreadyInitiated_Throwss" executed="True" result="Success" success="True" time="0.032" asserts="0" />
                      <test-case name="Test.SportsWeb.Services.TestAmpCabinet_Circuits.Test_AbortAutoCircuitDetection_Unknown_FaultException_Throws" executed="True" result="Success" success="True" time="0.016" asserts="0" />
                      <test-case name="Test.SportsWeb.Services.TestAmpCabinet_Circuits.Test_AbortAutoCircuitDetection_Works" executed="True" result="Success" success="True" time="0.014" asserts="0" />
                      <test-case name="Test.SportsWeb.Services.TestAmpCabinet_Circuits.Test_AttachCircuitsToField_FaultException_150_Throws" executed="True" result="Success" success="True" time="0.064" asserts="0" />
                      <test-case name="Test.SportsWeb.Services.TestAmpCabinet_Circuits.Test_AttachCircuitsToField_FaultException_155_Throws" executed="True" result="Success" success="True" time="0.029" asserts="0" />
                      <test-case name="Test.SportsWeb.Services.TestAmpCabinet_Circuits.Test_AttachCircuitsToField_FaultException_177_Throws" executed="True" result="Success" success="True" time="0.033" asserts="0" />
                      <test-case name="Test.SportsWeb.Services.TestAmpCabinet_Circuits.Test_AttachCircuitsToField_FaultException_178_Throws" executed="True" result="Success" success="True" time="0.035" asserts="0" />
                      <test-case name="Test.SportsWeb.Services.TestAmpCabinet_Circuits.Test_AttachCircuitsToField_FaultException_385_Throws" executed="True" result="Success" success="True" time="0.032" asserts="0" />
                      <test-case name="Test.SportsWeb.Services.TestAmpCabinet_Circuits.Test_AttachCircuitsToField_FaultException_386_Throws" executed="True" result="Success" success="True" time="0.036" asserts="0" />
                      <test-case name="Test.SportsWeb.Services.TestAmpCabinet_Circuits.Test_AttachCircuitsToField_FaultException_387_Throws" executed="True" result="Success" success="True" time="0.033" asserts="0" />
                      <test-case name="Test.SportsWeb.Services.TestAmpCabinet_Circuits.Test_AttachCircuitsToField_UnknownFault_Throws" executed="True" result="Success" success="True" time="0.020" asserts="0" />
                      <test-case name="Test.SportsWeb.Services.TestAmpCabinet_Circuits.Test_AttachCircuitsToField_Works" executed="True" result="Success" success="True" time="0.016" asserts="0" />
                      <test-case name="Test.SportsWeb.Services.TestAmpCabinet_Circuits.Test_DetachCircuitsToField_FaultException_150_Throws" executed="True" result="Success" success="True" time="0.037" asserts="0" />
                      <test-case name="Test.SportsWeb.Services.TestAmpCabinet_Circuits.Test_DetachCircuitsToField_FaultException_155_Throws" executed="True" result="Success" success="True" time="0.035" asserts="0" />
                      <test-case name="Test.SportsWeb.Services.TestAmpCabinet_Circuits.Test_DetachCircuitsToField_FaultException_177_Throws" executed="True" result="Success" success="True" time="0.028" asserts="0" />
                      <test-case name="Test.SportsWeb.Services.TestAmpCabinet_Circuits.Test_DetachCircuitsToField_FaultException_178_Throws" executed="True" result="Success" success="True" time="0.027" asserts="0" />
                      <test-case name="Test.SportsWeb.Services.TestAmpCabinet_Circuits.Test_DetachCircuitsToField_FaultException_385_Throws" executed="True" result="Success" success="True" time="0.027" asserts="0" />
                      <test-case name="Test.SportsWeb.Services.TestAmpCabinet_Circuits.Test_DetachCircuitsToField_FaultException_386_Throws" executed="True" result="Success" success="True" time="0.026" asserts="0" />
                      <test-case name="Test.SportsWeb.Services.TestAmpCabinet_Circuits.Test_DetachCircuitsToField_FaultException_387_Throws" executed="True" result="Success" success="True" time="0.026" asserts="0" />
                      <test-case name="Test.SportsWeb.Services.TestAmpCabinet_Circuits.Test_DetachCircuitsToField_UnknownFault_Throws" executed="True" result="Success" success="True" time="0.015" asserts="0" />
                      <test-case name="Test.SportsWeb.Services.TestAmpCabinet_Circuits.Test_DetachCircuitsToField_Works" executed="True" result="Success" success="True" time="0.013" asserts="0" />
                      <test-case name="Test.SportsWeb.Services.TestAmpCabinet_Circuits.Test_GetAssociatedCircuits_Exception_Throws" executed="True" result="Success" success="True" time="0.021" asserts="0" />
                      <test-case name="Test.SportsWeb.Services.TestAmpCabinet_Circuits.Test_GetAssociatedCircuits_FaultException_150_Throws" executed="True" result="Success" success="True" time="0.030" asserts="0" />
                      <test-case name="Test.SportsWeb.Services.TestAmpCabinet_Circuits.Test_GetAssociatedCircuits_FaultException_155_Throws" executed="True" result="Success" success="True" time="0.035" asserts="0" />
                      <test-case name="Test.SportsWeb.Services.TestAmpCabinet_Circuits.Test_GetAssociatedCircuits_FaultException_Unknown_Throws" executed="True" result="Success" success="True" time="0.018" asserts="0" />
                      <test-case name="Test.SportsWeb.Services.TestAmpCabinet_Circuits.Test_GetAssociatedCircuits_Input_null_Throws" executed="True" result="Success" success="True" time="0.009" asserts="0" />
                      <test-case name="Test.SportsWeb.Services.TestAmpCabinet_Circuits.Test_GetAssociatedCircuits_Response_null_DoesNotThrow" executed="True" result="Success" success="True" time="0.013" asserts="0" />
                      <test-case name="Test.SportsWeb.Services.TestAmpCabinet_Circuits.Test_GetAssociatedCircuits_Works" executed="True" result="Success" success="True" time="0.022" asserts="0" />
                      <test-case name="Test.SportsWeb.Services.TestAmpCabinet_Circuits.Test_GetCircuitAssociationForController_Exception_Throws" executed="True" result="Success" success="True" time="0.020" asserts="0" />
                      <test-case name="Test.SportsWeb.Services.TestAmpCabinet_Circuits.Test_GetCircuitAssociationForController_FaultException_150_Throws" executed="True" result="Success" success="True" time="0.033" asserts="0" />
                      <test-case name="Test.SportsWeb.Services.TestAmpCabinet_Circuits.Test_GetCircuitAssociationForController_FaultException_155_Throws" executed="True" result="Success" success="True" time="0.027" asserts="0" />
                      <test-case name="Test.SportsWeb.Services.TestAmpCabinet_Circuits.Test_GetCircuitAssociationForController_FaultException_Unknown_Throws" executed="True" result="Success" success="True" time="0.015" asserts="0" />
                      <test-case name="Test.SportsWeb.Services.TestAmpCabinet_Circuits.Test_GetCircuitAssociationForController_Input_null_Throws" executed="True" result="Success" success="True" time="0.012" asserts="0" />
                      <test-case name="Test.SportsWeb.Services.TestAmpCabinet_Circuits.Test_GetCircuitAssociationForController_Response_null_DoesNotThrow" executed="True" result="Success" success="True" time="0.014" asserts="0" />
                      <test-case name="Test.SportsWeb.Services.TestAmpCabinet_Circuits.Test_GetCircuitAssociationForController_Works" executed="True" result="Success" success="True" time="0.045" asserts="0" />
                      <test-case name="Test.SportsWeb.Services.TestAmpCabinet_Circuits.Test_GetCircuitDetectionProgress_100Percent_acdstatus4_Works" executed="True" result="Success" success="True" time="0.022" asserts="0" />
                      <test-case name="Test.SportsWeb.Services.TestAmpCabinet_Circuits.Test_GetCircuitDetectionProgress_100Percent_acdstatus8_Works" executed="True" result="Success" success="True" time="0.016" asserts="0" />
                      <test-case name="Test.SportsWeb.Services.TestAmpCabinet_Circuits.Test_GetCircuitDetectionProgress_FaultException_150_Throws" executed="True" result="Success" success="True" time="0.027" asserts="0" />
                      <test-case name="Test.SportsWeb.Services.TestAmpCabinet_Circuits.Test_GetCircuitDetectionProgress_FaultException_155_Throws" executed="True" result="Success" success="True" time="0.028" asserts="0" />
                      <test-case name="Test.SportsWeb.Services.TestAmpCabinet_Circuits.Test_GetCircuitDetectionProgress_FaultException_177_Throws" executed="True" result="Success" success="True" time="0.033" asserts="0" />
                      <test-case name="Test.SportsWeb.Services.TestAmpCabinet_Circuits.Test_GetCircuitDetectionProgress_FaultException_178_Throws" executed="True" result="Success" success="True" time="0.032" asserts="0" />
                      <test-case name="Test.SportsWeb.Services.TestAmpCabinet_Circuits.Test_GetCircuitDetectionProgress_FaultException_372_Throws" executed="True" result="Success" success="True" time="0.029" asserts="0" />
                      <test-case name="Test.SportsWeb.Services.TestAmpCabinet_Circuits.Test_GetCircuitDetectionProgress_FaultException_388_Throws" executed="True" result="Success" success="True" time="0.032" asserts="0" />
                      <test-case name="Test.SportsWeb.Services.TestAmpCabinet_Circuits.Test_GetCircuitDetectionProgress_FaultException_411_Throws" executed="True" result="Success" success="True" time="0.026" asserts="0" />
                      <test-case name="Test.SportsWeb.Services.TestAmpCabinet_Circuits.Test_GetCircuitDetectionProgress_FaultException_419_Throws" executed="True" result="Success" success="True" time="0.028" asserts="0" />
                      <test-case name="Test.SportsWeb.Services.TestAmpCabinet_Circuits.Test_GetCircuitDetectionProgress_FaultException_420_Throws" executed="True" result="Success" success="True" time="0.030" asserts="0" />
                      <test-case name="Test.SportsWeb.Services.TestAmpCabinet_Circuits.Test_GetCircuitDetectionProgress_FaultException_421_Throws" executed="True" result="Success" success="True" time="0.028" asserts="0" />
                      <test-case name="Test.SportsWeb.Services.TestAmpCabinet_Circuits.Test_GetCircuitDetectionProgress_FaultException_422_Throws" executed="True" result="Success" success="True" time="0.028" asserts="0" />
                      <test-case name="Test.SportsWeb.Services.TestAmpCabinet_Circuits.Test_GetCircuitDetectionProgress_FaultException_423_Throws" executed="True" result="Success" success="True" time="0.027" asserts="0" />
                      <test-case name="Test.SportsWeb.Services.TestAmpCabinet_Circuits.Test_GetCircuitDetectionProgress_Input_Null_Throws" executed="True" result="Success" success="True" time="0.009" asserts="0" />
                      <test-case name="Test.SportsWeb.Services.TestAmpCabinet_Circuits.Test_GetCircuitDetectionProgress_PercentCheck_Works" executed="True" result="Success" success="True" time="0.014" asserts="0" />
                      <test-case name="Test.SportsWeb.Services.TestAmpCabinet_Circuits.Test_GetCircuitDetectionProgress_Site_Not_Found_Throws" executed="True" result="Success" success="True" time="0.014" asserts="0" />
                      <test-case name="Test.SportsWeb.Services.TestAmpCabinet_Circuits.Test_GetCircuitDetectionProgress_Unknown_FaultException_Throws" executed="True" result="Success" success="True" time="0.018" asserts="0" />
                      <test-case name="Test.SportsWeb.Services.TestAmpCabinet_Circuits.Test_GetCircuitDetectionProgress_Works" executed="True" result="Success" success="True" time="0.013" asserts="0" />
                      <test-case name="Test.SportsWeb.Services.TestAmpCabinet_Circuits.Test_GetDetectedCircuits_FaultException_150_Throws" executed="True" result="Success" success="True" time="0.028" asserts="0" />
                      <test-case name="Test.SportsWeb.Services.TestAmpCabinet_Circuits.Test_GetDetectedCircuits_FaultException_155_Throws" executed="True" result="Success" success="True" time="0.026" asserts="0" />
                      <test-case name="Test.SportsWeb.Services.TestAmpCabinet_Circuits.Test_GetDetectedCircuits_FaultException_178_Throws" executed="True" result="Success" success="True" time="0.026" asserts="0" />
                      <test-case name="Test.SportsWeb.Services.TestAmpCabinet_Circuits.Test_GetDetectedCircuits_FaultException_376_Throws" executed="True" result="Success" success="True" time="0.034" asserts="0" />
                      <test-case name="Test.SportsWeb.Services.TestAmpCabinet_Circuits.Test_GetDetectedCircuits_Input_Null_Throws" executed="True" result="Success" success="True" time="0.011" asserts="0" />
                      <test-case name="Test.SportsWeb.Services.TestAmpCabinet_Circuits.Test_GetDetectedCircuits_Site_Not_Found_Throws" executed="True" result="Success" success="True" time="0.010" asserts="0" />
                      <test-case name="Test.SportsWeb.Services.TestAmpCabinet_Circuits.Test_GetDetectedCircuits_Unknown_FaultException_Throws" executed="True" result="Success" success="True" time="0.015" asserts="0" />
                      <test-case name="Test.SportsWeb.Services.TestAmpCabinet_Circuits.Test_GetDetectedCircuits_Works" executed="True" result="Success" success="True" time="0.016" asserts="0" />
                      <test-case name="Test.SportsWeb.Services.TestAmpCabinet_Circuits.Test_InitiateAutoCircuitDetection_FaultException_150_Throws" executed="True" result="Success" success="True" time="0.033" asserts="0" />
                      <test-case name="Test.SportsWeb.Services.TestAmpCabinet_Circuits.Test_InitiateAutoCircuitDetection_FaultException_155_Throws" executed="True" result="Success" success="True" time="0.029" asserts="0" />
                      <test-case name="Test.SportsWeb.Services.TestAmpCabinet_Circuits.Test_InitiateAutoCircuitDetection_FaultException_177_Throws" executed="True" result="Success" success="True" time="0.028" asserts="0" />
                      <test-case name="Test.SportsWeb.Services.TestAmpCabinet_Circuits.Test_InitiateAutoCircuitDetection_FaultException_178_Throws" executed="True" result="Success" success="True" time="0.026" asserts="0" />
                      <test-case name="Test.SportsWeb.Services.TestAmpCabinet_Circuits.Test_InitiateAutoCircuitDetection_FaultException_500_Throws" executed="True" result="Success" success="True" time="0.027" asserts="0" />
                      <test-case name="Test.SportsWeb.Services.TestAmpCabinet_Circuits.Test_InitiateAutoCircuitDetection_Input_Null_Throws" executed="True" result="Success" success="True" time="0.009" asserts="0" />
                      <test-case name="Test.SportsWeb.Services.TestAmpCabinet_Circuits.Test_InitiateAutoCircuitDetection_Site_Not_Found_Throws" executed="True" result="Success" success="True" time="0.012" asserts="0" />
                      <test-case name="Test.SportsWeb.Services.TestAmpCabinet_Circuits.Test_InitiateAutoCircuitDetection_Unknown_FaultException_Throws" executed="True" result="Success" success="True" time="0.019" asserts="0" />
                      <test-case name="Test.SportsWeb.Services.TestAmpCabinet_Circuits.Test_InitiateAutoCircuitDetection_Works" executed="True" result="Success" success="True" time="0.016" asserts="0" />
                      <test-case name="Test.SportsWeb.Services.TestAmpCabinet_Circuits.Test_RenameCircuit_FaultException_150_Throws" executed="True" result="Success" success="True" time="0.038" asserts="0" />
                      <test-case name="Test.SportsWeb.Services.TestAmpCabinet_Circuits.Test_RenameCircuit_FaultException_155_Throws" executed="True" result="Success" success="True" time="0.031" asserts="0" />
                      <test-case name="Test.SportsWeb.Services.TestAmpCabinet_Circuits.Test_RenameCircuit_FaultException_178_Throws" executed="True" result="Success" success="True" time="0.029" asserts="0" />
                      <test-case name="Test.SportsWeb.Services.TestAmpCabinet_Circuits.Test_RenameCircuit_FaultException_371_Throws" executed="True" result="Success" success="True" time="0.031" asserts="0" />
                      <test-case name="Test.SportsWeb.Services.TestAmpCabinet_Circuits.Test_RenameCircuit_FaultException_372_Throws" executed="True" result="Success" success="True" time="0.033" asserts="0" />
                      <test-case name="Test.SportsWeb.Services.TestAmpCabinet_Circuits.Test_RenameCircuit_FaultException_383_Throws" executed="True" result="Success" success="True" time="0.029" asserts="0" />
                      <test-case name="Test.SportsWeb.Services.TestAmpCabinet_Circuits.Test_RenameCircuit_FaultException_384_Throws" executed="True" result="Success" success="True" time="0.026" asserts="0" />
                      <test-case name="Test.SportsWeb.Services.TestAmpCabinet_Circuits.Test_RenameCircuit_Input_Null_Throws" executed="True" result="Success" success="True" time="0.010" asserts="0" />
                      <test-case name="Test.SportsWeb.Services.TestAmpCabinet_Circuits.Test_RenameCircuit_Site_Not_Found_Throws" executed="True" result="Success" success="True" time="0.012" asserts="0" />
                      <test-case name="Test.SportsWeb.Services.TestAmpCabinet_Circuits.Test_RenameCircuit_Unknown_FaultException_Throws" executed="True" result="Success" success="True" time="0.019" asserts="0" />
                      <test-case name="Test.SportsWeb.Services.TestAmpCabinet_Circuits.Test_RenameCircuit_Works" executed="True" result="Success" success="True" time="0.014" asserts="0" />
                      <test-case name="Test.SportsWeb.Services.TestAmpCabinet_Circuits.Test_VerifyCircuit_FaultException_150_Throws" executed="True" result="Success" success="True" time="0.036" asserts="0" />
                      <test-case name="Test.SportsWeb.Services.TestAmpCabinet_Circuits.Test_VerifyCircuit_FaultException_155_Throws" executed="True" result="Success" success="True" time="0.027" asserts="0" />
                      <test-case name="Test.SportsWeb.Services.TestAmpCabinet_Circuits.Test_VerifyCircuit_FaultException_178_Throws" executed="True" result="Success" success="True" time="0.028" asserts="0" />
                      <test-case name="Test.SportsWeb.Services.TestAmpCabinet_Circuits.Test_VerifyCircuit_FaultException_371_Throws" executed="True" result="Success" success="True" time="0.028" asserts="0" />
                      <test-case name="Test.SportsWeb.Services.TestAmpCabinet_Circuits.Test_VerifyCircuit_FaultException_372_Throws" executed="True" result="Success" success="True" time="0.031" asserts="0" />
                      <test-case name="Test.SportsWeb.Services.TestAmpCabinet_Circuits.Test_VerifyCircuit_FaultException_382_Throws" executed="True" result="Success" success="True" time="0.030" asserts="0" />
                      <test-case name="Test.SportsWeb.Services.TestAmpCabinet_Circuits.Test_VerifyCircuit_Inprogress_Works" executed="True" result="Success" success="True" time="0.015" asserts="0" />
                      <test-case name="Test.SportsWeb.Services.TestAmpCabinet_Circuits.Test_VerifyCircuit_Input_Null_Throws" executed="True" result="Success" success="True" time="0.010" asserts="0" />
                      <test-case name="Test.SportsWeb.Services.TestAmpCabinet_Circuits.Test_VerifyCircuit_Site_Not_Found_Throws" executed="True" result="Success" success="True" time="0.011" asserts="0" />
                      <test-case name="Test.SportsWeb.Services.TestAmpCabinet_Circuits.Test_VerifyCircuit_Unknown_FaultException_Throws" executed="True" result="Success" success="True" time="0.017" asserts="0" />
                      <test-case name="Test.SportsWeb.Services.TestAmpCabinet_Circuits.Test_VerifyCircuit_Works" executed="True" result="Success" success="True" time="0.020" asserts="0" />
                      <test-case name="Test.SportsWeb.Services.TestAmpCabinet_Circuits.Test_VerifyCircuitStatus_Failure_Throws" executed="True" result="Success" success="True" time="0.027" asserts="0" />
                      <test-case name="Test.SportsWeb.Services.TestAmpCabinet_Circuits.Test_VerifyCircuitStatus_FaultException_150_Throws" executed="True" result="Success" success="True" time="0.032" asserts="0" />
                      <test-case name="Test.SportsWeb.Services.TestAmpCabinet_Circuits.Test_VerifyCircuitStatus_FaultException_155_Throws" executed="True" result="Success" success="True" time="0.029" asserts="0" />
                      <test-case name="Test.SportsWeb.Services.TestAmpCabinet_Circuits.Test_VerifyCircuitStatus_FaultException_177_Throws" executed="True" result="Success" success="True" time="0.033" asserts="0" />
                      <test-case name="Test.SportsWeb.Services.TestAmpCabinet_Circuits.Test_VerifyCircuitStatus_FaultException_178_Throws" executed="True" result="Success" success="True" time="0.031" asserts="0" />
                      <test-case name="Test.SportsWeb.Services.TestAmpCabinet_Circuits.Test_VerifyCircuitStatus_FaultException_371_Throws" executed="True" result="Success" success="True" time="0.036" asserts="0" />
                      <test-case name="Test.SportsWeb.Services.TestAmpCabinet_Circuits.Test_VerifyCircuitStatus_FaultException_372_Throws" executed="True" result="Success" success="True" time="0.033" asserts="0" />
                      <test-case name="Test.SportsWeb.Services.TestAmpCabinet_Circuits.Test_VerifyCircuitstatus_FaultException_382_Throws" executed="True" result="Success" success="True" time="0.030" asserts="0" />
                      <test-case name="Test.SportsWeb.Services.TestAmpCabinet_Circuits.Test_VerifyCircuitStatus_InProgress_Works" executed="True" result="Success" success="True" time="0.013" asserts="0" />
                      <test-case name="Test.SportsWeb.Services.TestAmpCabinet_Circuits.Test_VerifyCircuitStatus_Input_Null_Throws" executed="True" result="Success" success="True" time="0.011" asserts="0" />
                      <test-case name="Test.SportsWeb.Services.TestAmpCabinet_Circuits.Test_VerifyCircuitStatus_Site_Not_Found_Throws" executed="True" result="Success" success="True" time="0.015" asserts="0" />
                      <test-case name="Test.SportsWeb.Services.TestAmpCabinet_Circuits.Test_VerifyCircuitStatus_Unknown_FaultException_Throws" executed="True" result="Success" success="True" time="0.019" asserts="0" />
                      <test-case name="Test.SportsWeb.Services.TestAmpCabinet_Circuits.Test_VerifyCircuitStatus_Works" executed="True" result="Success" success="True" time="0.017" asserts="0" />
                    </results>
                  </test-suite>
                  <test-suite type="TestFixture" name="TestAmpCabinet_CPU" executed="True" result="Success" success="True" time="0.848" asserts="0">
                    <results>
                      <test-case name="Test.SportsWeb.Services.TestAmpCabinet_CPU.Test_CreateController_Input_Null_Throws" executed="True" result="Success" success="True" time="0.024" asserts="0" />
                      <test-case name="Test.SportsWeb.Services.TestAmpCabinet_CPU.Test_CreateController_Works" executed="True" result="Success" success="True" time="0.017" asserts="0" />
                      <test-case name="Test.SportsWeb.Services.TestAmpCabinet_CPU.Test_CreateControoler_FaultException_150_Throws" executed="True" result="Success" success="True" time="0.030" asserts="0" />
                      <test-case name="Test.SportsWeb.Services.TestAmpCabinet_CPU.Test_CreateControoler_FaultException_155_Throws" executed="True" result="Success" success="True" time="0.030" asserts="0" />
                      <test-case name="Test.SportsWeb.Services.TestAmpCabinet_CPU.Test_CreateControoler_FaultException_171_Throws" executed="True" result="Success" success="True" time="0.027" asserts="0" />
                      <test-case name="Test.SportsWeb.Services.TestAmpCabinet_CPU.Test_CreateControoler_FaultException_172_Throws" executed="True" result="Success" success="True" time="0.033" asserts="0" />
                      <test-case name="Test.SportsWeb.Services.TestAmpCabinet_CPU.Test_CreateControoler_FaultException_173_Throws" executed="True" result="Success" success="True" time="0.030" asserts="0" />
                      <test-case name="Test.SportsWeb.Services.TestAmpCabinet_CPU.Test_CreateControoler_FaultException_174_Throws" executed="True" result="Success" success="True" time="0.029" asserts="0" />
                      <test-case name="Test.SportsWeb.Services.TestAmpCabinet_CPU.Test_CreateControoler_FaultException_175_Throws" executed="True" result="Success" success="True" time="0.030" asserts="0" />
                      <test-case name="Test.SportsWeb.Services.TestAmpCabinet_CPU.Test_CreateControoler_FaultException_176_Throws" executed="True" result="Success" success="True" time="0.027" asserts="0" />
                      <test-case name="Test.SportsWeb.Services.TestAmpCabinet_CPU.Test_CreateControoler_FaultException_179_Throws" executed="True" result="Success" success="True" time="0.033" asserts="0" />
                      <test-case name="Test.SportsWeb.Services.TestAmpCabinet_CPU.Test_CreateControoler_FaultException_500_Throws" executed="True" result="Success" success="True" time="0.031" asserts="0" />
                      <test-case name="Test.SportsWeb.Services.TestAmpCabinet_CPU.Test_CreateControoler_NotFaultException_Throws" executed="True" result="Success" success="True" time="0.017" asserts="0" />
                      <test-case name="Test.SportsWeb.Services.TestAmpCabinet_CPU.Test_EditController_FaultException_150_Throws" executed="True" result="Success" success="True" time="0.039" asserts="0" />
                      <test-case name="Test.SportsWeb.Services.TestAmpCabinet_CPU.Test_EditController_FaultException_155_Throws" executed="True" result="Success" success="True" time="0.032" asserts="0" />
                      <test-case name="Test.SportsWeb.Services.TestAmpCabinet_CPU.Test_EditController_FaultException_171_Throws" executed="True" result="Success" success="True" time="0.029" asserts="0" />
                      <test-case name="Test.SportsWeb.Services.TestAmpCabinet_CPU.Test_EditController_FaultException_172_Throws" executed="True" result="Success" success="True" time="0.029" asserts="0" />
                      <test-case name="Test.SportsWeb.Services.TestAmpCabinet_CPU.Test_EditController_FaultException_173_Throws" executed="True" result="Success" success="True" time="0.032" asserts="0" />
                      <test-case name="Test.SportsWeb.Services.TestAmpCabinet_CPU.Test_EditController_FaultException_174_Throws" executed="True" result="Success" success="True" time="0.030" asserts="0" />
                      <test-case name="Test.SportsWeb.Services.TestAmpCabinet_CPU.Test_EditController_FaultException_175_Throws" executed="True" result="Success" success="True" time="0.032" asserts="0" />
                      <test-case name="Test.SportsWeb.Services.TestAmpCabinet_CPU.Test_EditController_FaultException_176_Throws" executed="True" result="Success" success="True" time="0.035" asserts="0" />
                      <test-case name="Test.SportsWeb.Services.TestAmpCabinet_CPU.Test_EditController_FaultException_179_Throws" executed="True" result="Success" success="True" time="0.031" asserts="0" />
                      <test-case name="Test.SportsWeb.Services.TestAmpCabinet_CPU.Test_EditController_FaultException_500_Throws" executed="True" result="Success" success="True" time="0.028" asserts="0" />
                      <test-case name="Test.SportsWeb.Services.TestAmpCabinet_CPU.Test_EditController_Input_Null_Throws" executed="True" result="Success" success="True" time="0.008" asserts="0" />
                      <test-case name="Test.SportsWeb.Services.TestAmpCabinet_CPU.Test_EditController_NotFaultException_Throws" executed="True" result="Success" success="True" time="0.017" asserts="0" />
                      <test-case name="Test.SportsWeb.Services.TestAmpCabinet_CPU.Test_EditController_Works" executed="True" result="Success" success="True" time="0.014" asserts="0" />
                      <test-case name="Test.SportsWeb.Services.TestAmpCabinet_CPU.Test_Getcontroller_NotFaultException_Throws" executed="True" result="Success" success="True" time="0.017" asserts="0" />
                      <test-case name="Test.SportsWeb.Services.TestAmpCabinet_CPU.Test_Getcontroller_Unknown_FaultException_Throws" executed="True" result="Success" success="True" time="0.013" asserts="0" />
                      <test-case name="Test.SportsWeb.Services.TestAmpCabinet_CPU.Test_GetController_Works" executed="True" result="Success" success="True" time="0.012" asserts="0" />
                      <test-case name="Test.SportsWeb.Services.TestAmpCabinet_CPU.Test_GetControoler_FaultException_150_Throws" executed="True" result="Success" success="True" time="0.024" asserts="0" />
                      <test-case name="Test.SportsWeb.Services.TestAmpCabinet_CPU.Test_GetControoler_FaultException_155_Throws" executed="True" result="Success" success="True" time="0.027" asserts="0" />
                    </results>
                  </test-suite>
                  <test-suite type="TestFixture" name="TestAmpCabinet_Keypads" executed="True" result="Success" success="True" time="1.122" asserts="0">
                    <results>
                      <test-case name="Test.SportsWeb.Services.TestAmpCabinet_Keypads.Test_AssociateKeypadToField_FaultException_1_Throws" executed="True" result="Success" success="True" time="0.040" asserts="0" />
                      <test-case name="Test.SportsWeb.Services.TestAmpCabinet_Keypads.Test_AssociateKeypadToField_FaultException_133_Throws" executed="True" result="Success" success="True" time="0.025" asserts="0" />
                      <test-case name="Test.SportsWeb.Services.TestAmpCabinet_Keypads.Test_AssociateKeypadToField_FaultException_134_Throws" executed="True" result="Success" success="True" time="0.027" asserts="0" />
                      <test-case name="Test.SportsWeb.Services.TestAmpCabinet_Keypads.Test_AssociateKeypadToField_FaultException_150_Throws" executed="True" result="Success" success="True" time="0.025" asserts="0" />
                      <test-case name="Test.SportsWeb.Services.TestAmpCabinet_Keypads.Test_AssociateKeypadToField_FaultException_155_Throws" executed="True" result="Success" success="True" time="0.027" asserts="0" />
                      <test-case name="Test.SportsWeb.Services.TestAmpCabinet_Keypads.Test_AssociateKeypadToField_FaultException_2_Throws" executed="True" result="Success" success="True" time="0.033" asserts="0" />
                      <test-case name="Test.SportsWeb.Services.TestAmpCabinet_Keypads.Test_AssociateKeypadToField_FaultException_22_Throws" executed="True" result="Success" success="True" time="0.028" asserts="0" />
                      <test-case name="Test.SportsWeb.Services.TestAmpCabinet_Keypads.Test_AssociateKeypadToField_FaultException_32_Throws" executed="True" result="Success" success="True" time="0.028" asserts="0" />
                      <test-case name="Test.SportsWeb.Services.TestAmpCabinet_Keypads.Test_AssociateKeypadToField_FaultException_501_Throws" executed="True" result="Success" success="True" time="0.026" asserts="0" />
                      <test-case name="Test.SportsWeb.Services.TestAmpCabinet_Keypads.Test_AssociateKeypadToField_FaultException_502_Throws" executed="True" result="Success" success="True" time="0.025" asserts="0" />
                      <test-case name="Test.SportsWeb.Services.TestAmpCabinet_Keypads.Test_AssociateKeypadToField_FaultException_505_Throws" executed="True" result="Success" success="True" time="0.030" asserts="0" />
                      <test-case name="Test.SportsWeb.Services.TestAmpCabinet_Keypads.Test_AssociateKeypadToField_FaultException_506_Throws" executed="True" result="Success" success="True" time="0.026" asserts="0" />
                      <test-case name="Test.SportsWeb.Services.TestAmpCabinet_Keypads.Test_AssociateKeypadToField_FaultException_507_Throws" executed="True" result="Success" success="True" time="0.027" asserts="0" />
                      <test-case name="Test.SportsWeb.Services.TestAmpCabinet_Keypads.Test_AssociateKeypadToField_FaultException_508_Throws" executed="True" result="Success" success="True" time="0.027" asserts="0" />
                      <test-case name="Test.SportsWeb.Services.TestAmpCabinet_Keypads.Test_AssociateKeypadToField_FaultException_510_Throws" executed="True" result="Success" success="True" time="0.025" asserts="0" />
                      <test-case name="Test.SportsWeb.Services.TestAmpCabinet_Keypads.Test_AssociateKeypadToField_Input_Empty_Throws" executed="True" result="Success" success="True" time="0.007" asserts="0" />
                      <test-case name="Test.SportsWeb.Services.TestAmpCabinet_Keypads.Test_AssociateKeypadToField_Site_Not_Found_Throws" executed="True" result="Success" success="True" time="0.014" asserts="0" />
                      <test-case name="Test.SportsWeb.Services.TestAmpCabinet_Keypads.Test_AssociateKeypadToField_Unknown_FaultException_Throws" executed="True" result="Success" success="True" time="0.014" asserts="0" />
                      <test-case name="Test.SportsWeb.Services.TestAmpCabinet_Keypads.Test_AssociateKeypadToField_Works" executed="True" result="Success" success="True" time="0.012" asserts="0" />
                      <test-case name="Test.SportsWeb.Services.TestAmpCabinet_Keypads.Test_DisassociateKeypadFromField_FaultException_1_Throws" executed="True" result="Success" success="True" time="0.031" asserts="0" />
                      <test-case name="Test.SportsWeb.Services.TestAmpCabinet_Keypads.Test_DisassociateKeypadFromField_FaultException_133_Throws" executed="True" result="Success" success="True" time="0.028" asserts="0" />
                      <test-case name="Test.SportsWeb.Services.TestAmpCabinet_Keypads.Test_DisassociateKeypadFromField_FaultException_134_Throws" executed="True" result="Success" success="True" time="0.026" asserts="0" />
                      <test-case name="Test.SportsWeb.Services.TestAmpCabinet_Keypads.Test_DisassociateKeypadFromField_FaultException_150_Throws" executed="True" result="Success" success="True" time="0.029" asserts="0" />
                      <test-case name="Test.SportsWeb.Services.TestAmpCabinet_Keypads.Test_DisassociateKeypadFromField_FaultException_155_Throws" executed="True" result="Success" success="True" time="0.027" asserts="0" />
                      <test-case name="Test.SportsWeb.Services.TestAmpCabinet_Keypads.Test_DisassociateKeypadFromField_FaultException_2_Throws" executed="True" result="Success" success="True" time="0.026" asserts="0" />
                      <test-case name="Test.SportsWeb.Services.TestAmpCabinet_Keypads.Test_DisassociateKeypadFromField_FaultException_22_Throws" executed="True" result="Success" success="True" time="0.025" asserts="0" />
                      <test-case name="Test.SportsWeb.Services.TestAmpCabinet_Keypads.Test_DisassociateKeypadFromField_FaultException_32_Throws" executed="True" result="Success" success="True" time="0.026" asserts="0" />
                      <test-case name="Test.SportsWeb.Services.TestAmpCabinet_Keypads.Test_DisassociateKeypadFromField_FaultException_501_Throws" executed="True" result="Success" success="True" time="0.027" asserts="0" />
                      <test-case name="Test.SportsWeb.Services.TestAmpCabinet_Keypads.Test_DisassociateKeypadFromField_FaultException_502_Throws" executed="True" result="Success" success="True" time="0.027" asserts="0" />
                      <test-case name="Test.SportsWeb.Services.TestAmpCabinet_Keypads.Test_DisassociateKeypadFromField_FaultException_503_Throws" executed="True" result="Success" success="True" time="0.028" asserts="0" />
                      <test-case name="Test.SportsWeb.Services.TestAmpCabinet_Keypads.Test_DisassociateKeypadFromField_Input_Empty_Throws" executed="True" result="Success" success="True" time="0.009" asserts="0" />
                      <test-case name="Test.SportsWeb.Services.TestAmpCabinet_Keypads.Test_DisassociateKeypadFromField_Site_Not_Found_Throws" executed="True" result="Success" success="True" time="0.010" asserts="0" />
                      <test-case name="Test.SportsWeb.Services.TestAmpCabinet_Keypads.Test_DisassociateKeypadFromField_Unknown_FaultException_Throws" executed="True" result="Success" success="True" time="0.013" asserts="0" />
                      <test-case name="Test.SportsWeb.Services.TestAmpCabinet_Keypads.Test_DisassociateKeypadFromField_Works" executed="True" result="Success" success="True" time="0.013" asserts="0" />
                      <test-case name="Test.SportsWeb.Services.TestAmpCabinet_Keypads.Test_GetDetectedKeypads_FaultException_1_Throws" executed="True" result="Success" success="True" time="0.036" asserts="0" />
                      <test-case name="Test.SportsWeb.Services.TestAmpCabinet_Keypads.Test_GetDetectedKeypads_FaultException_150_Throws" executed="True" result="Success" success="True" time="0.023" asserts="0" />
                      <test-case name="Test.SportsWeb.Services.TestAmpCabinet_Keypads.Test_GetDetectedKeypads_FaultException_155_Throws" executed="True" result="Success" success="True" time="0.025" asserts="0" />
                      <test-case name="Test.SportsWeb.Services.TestAmpCabinet_Keypads.Test_GetDetectedKeypads_FaultException_2_Throws" executed="True" result="Success" success="True" time="0.025" asserts="0" />
                      <test-case name="Test.SportsWeb.Services.TestAmpCabinet_Keypads.Test_GetDetectedKeypads_FaultException_22_Throws" executed="True" result="Success" success="True" time="0.027" asserts="0" />
                      <test-case name="Test.SportsWeb.Services.TestAmpCabinet_Keypads.Test_GetDetectedKeypads_FaultException_32_Throws" executed="True" result="Success" success="True" time="0.027" asserts="0" />
                      <test-case name="Test.SportsWeb.Services.TestAmpCabinet_Keypads.Test_GetDetectedKeypads_FaultException_504_DoesNotThrow" executed="True" result="Success" success="True" time="0.013" asserts="0" />
                      <test-case name="Test.SportsWeb.Services.TestAmpCabinet_Keypads.Test_GetDetectedKeypads_FaultException_509_Throws" executed="True" result="Success" success="True" time="0.023" asserts="0" />
                      <test-case name="Test.SportsWeb.Services.TestAmpCabinet_Keypads.Test_GetDetectedKeypads_Input_Empty_Throws" executed="True" result="Success" success="True" time="0.008" asserts="0" />
                      <test-case name="Test.SportsWeb.Services.TestAmpCabinet_Keypads.Test_GetDetectedKeypads_Site_Not_Found_Throws" executed="True" result="Success" success="True" time="0.009" asserts="0" />
                      <test-case name="Test.SportsWeb.Services.TestAmpCabinet_Keypads.Test_GetDetectedKeypads_Unknown_FaultException_Throws" executed="True" result="Success" success="True" time="0.014" asserts="0" />
                      <test-case name="Test.SportsWeb.Services.TestAmpCabinet_Keypads.Test_GetDetectedKeypads_Works" executed="True" result="Success" success="True" time="0.015" asserts="0" />
                    </results>
                  </test-suite>
                  <test-suite type="TestFixture" name="TestAmpCabinet_PushButton" executed="True" result="Success" success="True" time="2.288" asserts="0">
                    <results>
                      <test-case name="Test.SportsWeb.Services.TestAmpCabinet_PushButton.Test_AddPushButton_FaultException_Unknown_Throws" executed="True" result="Success" success="True" time="0.029" asserts="0" />
                      <test-case name="Test.SportsWeb.Services.TestAmpCabinet_PushButton.Test_AddPushButton_NullResponse" executed="True" result="Success" success="True" time="0.011" asserts="0" />
                      <test-case name="Test.SportsWeb.Services.TestAmpCabinet_PushButton.Test_AddPushButton_Works" executed="True" result="Success" success="True" time="0.018" asserts="0" />
                      <test-case name="Test.SportsWeb.Services.TestAmpCabinet_PushButton.Test_AssociatePushbuttonToField_FaultException_1_Throws" executed="True" result="Success" success="True" time="0.076" asserts="0" />
                      <test-case name="Test.SportsWeb.Services.TestAmpCabinet_PushButton.Test_AssociatePushbuttonToField_FaultException_133_Throws" executed="True" result="Success" success="True" time="0.027" asserts="0" />
                      <test-case name="Test.SportsWeb.Services.TestAmpCabinet_PushButton.Test_AssociatePushbuttonToField_FaultException_134_Throws" executed="True" result="Success" success="True" time="0.028" asserts="0" />
                      <test-case name="Test.SportsWeb.Services.TestAmpCabinet_PushButton.Test_AssociatePushbuttonToField_FaultException_150_Throws" executed="True" result="Success" success="True" time="0.028" asserts="0" />
                      <test-case name="Test.SportsWeb.Services.TestAmpCabinet_PushButton.Test_AssociatePushbuttonToField_FaultException_155_Throws" executed="True" result="Success" success="True" time="0.029" asserts="0" />
                      <test-case name="Test.SportsWeb.Services.TestAmpCabinet_PushButton.Test_AssociatePushbuttonToField_FaultException_2_Throws" executed="True" result="Success" success="True" time="0.026" asserts="0" />
                      <test-case name="Test.SportsWeb.Services.TestAmpCabinet_PushButton.Test_AssociatePushbuttonToField_FaultException_22_Throws" executed="True" result="Success" success="True" time="0.029" asserts="0" />
                      <test-case name="Test.SportsWeb.Services.TestAmpCabinet_PushButton.Test_AssociatePushbuttonToField_FaultException_32_Throws" executed="True" result="Success" success="True" time="0.029" asserts="0" />
                      <test-case name="Test.SportsWeb.Services.TestAmpCabinet_PushButton.Test_AssociatePushbuttonToField_FaultException_451_Throws" executed="True" result="Success" success="True" time="0.029" asserts="0" />
                      <test-case name="Test.SportsWeb.Services.TestAmpCabinet_PushButton.Test_AssociatePushbuttonToField_FaultException_452_Throws" executed="True" result="Success" success="True" time="0.028" asserts="0" />
                      <test-case name="Test.SportsWeb.Services.TestAmpCabinet_PushButton.Test_AssociatePushbuttonToField_FaultException_459_Throws" executed="True" result="Success" success="True" time="0.025" asserts="0" />
                      <test-case name="Test.SportsWeb.Services.TestAmpCabinet_PushButton.Test_AssociatePushbuttonToField_FaultException_460_Throws" executed="True" result="Success" success="True" time="0.030" asserts="0" />
                      <test-case name="Test.SportsWeb.Services.TestAmpCabinet_PushButton.Test_AssociatePushbuttonToField_FaultException_461_Throws" executed="True" result="Success" success="True" time="0.027" asserts="0" />
                      <test-case name="Test.SportsWeb.Services.TestAmpCabinet_PushButton.Test_AssociatePushbuttonToField_FaultException_462_Throws" executed="True" result="Success" success="True" time="0.031" asserts="0" />
                      <test-case name="Test.SportsWeb.Services.TestAmpCabinet_PushButton.Test_AssociatePushbuttonToField_FaultException_467_Throws" executed="True" result="Success" success="True" time="0.030" asserts="0" />
                      <test-case name="Test.SportsWeb.Services.TestAmpCabinet_PushButton.Test_AssociatePushbuttonToField_Input_Null_Throws" executed="True" result="Success" success="True" time="0.008" asserts="0" />
                      <test-case name="Test.SportsWeb.Services.TestAmpCabinet_PushButton.Test_AssociatePushbuttonToField_Response_Null" executed="True" result="Success" success="True" time="0.012" asserts="0" />
                      <test-case name="Test.SportsWeb.Services.TestAmpCabinet_PushButton.Test_AssociatePushbuttonToField_Site_Not_Found_Throws" executed="True" result="Success" success="True" time="0.011" asserts="0" />
                      <test-case name="Test.SportsWeb.Services.TestAmpCabinet_PushButton.Test_AssociatePushbuttonToField_Unknown_FaultException_Throws" executed="True" result="Success" success="True" time="0.015" asserts="0" />
                      <test-case name="Test.SportsWeb.Services.TestAmpCabinet_PushButton.Test_AssociatePushbuttonToField_Works" executed="True" result="Success" success="True" time="0.014" asserts="0" />
                      <test-case name="Test.SportsWeb.Services.TestAmpCabinet_PushButton.Test_DisassociatePushbuttonFromField_FaultException_1_Throws" executed="True" result="Success" success="True" time="0.035" asserts="0" />
                      <test-case name="Test.SportsWeb.Services.TestAmpCabinet_PushButton.Test_DisassociatePushbuttonFromField_FaultException_133_Throws" executed="True" result="Success" success="True" time="0.027" asserts="0" />
                      <test-case name="Test.SportsWeb.Services.TestAmpCabinet_PushButton.Test_DisassociatePushbuttonFromField_FaultException_134_Throws" executed="True" result="Success" success="True" time="0.029" asserts="0" />
                      <test-case name="Test.SportsWeb.Services.TestAmpCabinet_PushButton.Test_DisassociatePushbuttonFromField_FaultException_150_Throws" executed="True" result="Success" success="True" time="0.026" asserts="0" />
                      <test-case name="Test.SportsWeb.Services.TestAmpCabinet_PushButton.Test_DisassociatePushbuttonFromField_FaultException_155_Throws" executed="True" result="Success" success="True" time="0.028" asserts="0" />
                      <test-case name="Test.SportsWeb.Services.TestAmpCabinet_PushButton.Test_DisassociatePushbuttonFromField_FaultException_2_Throws" executed="True" result="Success" success="True" time="0.030" asserts="0" />
                      <test-case name="Test.SportsWeb.Services.TestAmpCabinet_PushButton.Test_DisassociatePushbuttonFromField_FaultException_22_Throws" executed="True" result="Success" success="True" time="0.029" asserts="0" />
                      <test-case name="Test.SportsWeb.Services.TestAmpCabinet_PushButton.Test_DisassociatePushbuttonFromField_FaultException_32_Throws" executed="True" result="Success" success="True" time="0.030" asserts="0" />
                      <test-case name="Test.SportsWeb.Services.TestAmpCabinet_PushButton.Test_DisassociatePushbuttonFromField_FaultException_451_Throws" executed="True" result="Success" success="True" time="0.027" asserts="0" />
                      <test-case name="Test.SportsWeb.Services.TestAmpCabinet_PushButton.Test_DisassociatePushbuttonFromField_FaultException_452_Throws" executed="True" result="Success" success="True" time="0.027" asserts="0" />
                      <test-case name="Test.SportsWeb.Services.TestAmpCabinet_PushButton.Test_DisassociatePushbuttonFromField_Input_Null_Throws" executed="True" result="Success" success="True" time="0.012" asserts="0" />
                      <test-case name="Test.SportsWeb.Services.TestAmpCabinet_PushButton.Test_DisassociatePushbuttonFromField_Response_Null" executed="True" result="Success" success="True" time="0.012" asserts="0" />
                      <test-case name="Test.SportsWeb.Services.TestAmpCabinet_PushButton.Test_DisassociatePushbuttonFromField_Site_Not_Found_Throws" executed="True" result="Success" success="True" time="0.010" asserts="0" />
                      <test-case name="Test.SportsWeb.Services.TestAmpCabinet_PushButton.Test_DisassociatePushbuttonFromField_Unknown_FaultException_Throws" executed="True" result="Success" success="True" time="0.016" asserts="0" />
                      <test-case name="Test.SportsWeb.Services.TestAmpCabinet_PushButton.Test_DisassociatePushbuttonFromField_Works" executed="True" result="Success" success="True" time="0.013" asserts="0" />
                      <test-case name="Test.SportsWeb.Services.TestAmpCabinet_PushButton.Test_EditPushbuttonForController_ApiCallReturnsDifferentstatusCode_Works" executed="True" result="Success" success="True" time="0.022" asserts="0" />
                      <test-case name="Test.SportsWeb.Services.TestAmpCabinet_PushButton.Test_EditPushbuttonForController_FaultException_1_Throws" executed="True" result="Success" success="True" time="0.029" asserts="0" />
                      <test-case name="Test.SportsWeb.Services.TestAmpCabinet_PushButton.Test_EditPushbuttonForController_FaultException_150_Throws" executed="True" result="Success" success="True" time="0.026" asserts="0" />
                      <test-case name="Test.SportsWeb.Services.TestAmpCabinet_PushButton.Test_EditPushbuttonForController_FaultException_155_Throws" executed="True" result="Success" success="True" time="0.025" asserts="0" />
                      <test-case name="Test.SportsWeb.Services.TestAmpCabinet_PushButton.Test_EditPushbuttonForController_FaultException_177_Throws" executed="True" result="Success" success="True" time="0.027" asserts="0" />
                      <test-case name="Test.SportsWeb.Services.TestAmpCabinet_PushButton.Test_EditPushbuttonForController_FaultException_178_Throws" executed="True" result="Success" success="True" time="0.028" asserts="0" />
                      <test-case name="Test.SportsWeb.Services.TestAmpCabinet_PushButton.Test_EditPushbuttonForController_FaultException_2_Throws" executed="True" result="Success" success="True" time="0.028" asserts="0" />
                      <test-case name="Test.SportsWeb.Services.TestAmpCabinet_PushButton.Test_EditPushbuttonForController_FaultException_22_Throws" executed="True" result="Success" success="True" time="0.030" asserts="0" />
                      <test-case name="Test.SportsWeb.Services.TestAmpCabinet_PushButton.Test_EditPushbuttonForController_FaultException_32_Throws" executed="True" result="Success" success="True" time="0.029" asserts="0" />
                      <test-case name="Test.SportsWeb.Services.TestAmpCabinet_PushButton.Test_EditPushbuttonForController_FaultException_451_Throws" executed="True" result="Success" success="True" time="0.025" asserts="0" />
                      <test-case name="Test.SportsWeb.Services.TestAmpCabinet_PushButton.Test_EditPushbuttonForController_FaultException_452_Throws" executed="True" result="Success" success="True" time="0.026" asserts="0" />
                      <test-case name="Test.SportsWeb.Services.TestAmpCabinet_PushButton.Test_EditPushbuttonForController_FaultException_455_Throws" executed="True" result="Success" success="True" time="0.032" asserts="0" />
                      <test-case name="Test.SportsWeb.Services.TestAmpCabinet_PushButton.Test_EditPushbuttonForController_FaultException_456_Throws" executed="True" result="Success" success="True" time="0.032" asserts="0" />
                      <test-case name="Test.SportsWeb.Services.TestAmpCabinet_PushButton.Test_EditPushbuttonForController_FaultException_457_Throws" executed="True" result="Success" success="True" time="0.029" asserts="0" />
                      <test-case name="Test.SportsWeb.Services.TestAmpCabinet_PushButton.Test_EditPushbuttonForController_FaultException_464_Throws" executed="True" result="Success" success="True" time="0.029" asserts="0" />
                      <test-case name="Test.SportsWeb.Services.TestAmpCabinet_PushButton.Test_EditPushbuttonForController_FaultException_466_Throws" executed="True" result="Success" success="True" time="0.029" asserts="0" />
                      <test-case name="Test.SportsWeb.Services.TestAmpCabinet_PushButton.Test_EditPushbuttonForController_FaultException_468_Throws" executed="True" result="Success" success="True" time="0.028" asserts="0" />
                      <test-case name="Test.SportsWeb.Services.TestAmpCabinet_PushButton.Test_EditPushbuttonForController_FaultException_469_Throws" executed="True" result="Success" success="True" time="0.030" asserts="0" />
                      <test-case name="Test.SportsWeb.Services.TestAmpCabinet_PushButton.Test_EditPushbuttonForController_Input_Null_Throws" executed="True" result="Success" success="True" time="0.010" asserts="0" />
                      <test-case name="Test.SportsWeb.Services.TestAmpCabinet_PushButton.Test_EditPushbuttonForController_Response_Null" executed="True" result="Success" success="True" time="0.012" asserts="0" />
                      <test-case name="Test.SportsWeb.Services.TestAmpCabinet_PushButton.Test_EditPushbuttonForController_Site_Not_Found_Throws" executed="True" result="Success" success="True" time="0.009" asserts="0" />
                      <test-case name="Test.SportsWeb.Services.TestAmpCabinet_PushButton.Test_EditPushbuttonForController_Unknown_FaultException_Throws" executed="True" result="Success" success="True" time="0.013" asserts="0" />
                      <test-case name="Test.SportsWeb.Services.TestAmpCabinet_PushButton.Test_EditPushbuttonForController_Works" executed="True" result="Success" success="True" time="0.011" asserts="0" />
                      <test-case name="Test.SportsWeb.Services.TestAmpCabinet_PushButton.Test_GetAssociatedPushButtonForController_FaultException_1_Throws" executed="True" result="Success" success="True" time="0.033" asserts="0" />
                      <test-case name="Test.SportsWeb.Services.TestAmpCabinet_PushButton.Test_GetAssociatedPushButtonForController_FaultException_150_Throws" executed="True" result="Success" success="True" time="0.030" asserts="0" />
                      <test-case name="Test.SportsWeb.Services.TestAmpCabinet_PushButton.Test_GetAssociatedPushButtonForController_FaultException_155_Throws" executed="True" result="Success" success="True" time="0.028" asserts="0" />
                      <test-case name="Test.SportsWeb.Services.TestAmpCabinet_PushButton.Test_GetAssociatedPushButtonForController_FaultException_177_Throws" executed="True" result="Success" success="True" time="0.025" asserts="0" />
                      <test-case name="Test.SportsWeb.Services.TestAmpCabinet_PushButton.Test_GetAssociatedPushButtonForController_FaultException_178_Throws" executed="True" result="Success" success="True" time="0.026" asserts="0" />
                      <test-case name="Test.SportsWeb.Services.TestAmpCabinet_PushButton.Test_GetAssociatedPushButtonForController_FaultException_2_Throws" executed="True" result="Success" success="True" time="0.026" asserts="0" />
                      <test-case name="Test.SportsWeb.Services.TestAmpCabinet_PushButton.Test_GetAssociatedPushButtonForController_FaultException_22_Throws" executed="True" result="Success" success="True" time="0.029" asserts="0" />
                      <test-case name="Test.SportsWeb.Services.TestAmpCabinet_PushButton.Test_GetAssociatedPushButtonForController_FaultException_32_Throws" executed="True" result="Success" success="True" time="0.028" asserts="0" />
                      <test-case name="Test.SportsWeb.Services.TestAmpCabinet_PushButton.Test_GetAssociatedPushButtonForController_FaultException_453_Throws" executed="True" result="Success" success="True" time="0.011" asserts="0" />
                      <test-case name="Test.SportsWeb.Services.TestAmpCabinet_PushButton.Test_GetAssociatedPushButtonForController_Input_Null_Throws" executed="True" result="Success" success="True" time="0.010" asserts="0" />
                      <test-case name="Test.SportsWeb.Services.TestAmpCabinet_PushButton.Test_GetAssociatedPushButtonForController_Response_Null" executed="True" result="Success" success="True" time="0.012" asserts="0" />
                      <test-case name="Test.SportsWeb.Services.TestAmpCabinet_PushButton.Test_GetAssociatedPushButtonForController_Site_Not_Found_Throws" executed="True" result="Success" success="True" time="0.010" asserts="0" />
                      <test-case name="Test.SportsWeb.Services.TestAmpCabinet_PushButton.Test_GetAssociatedPushButtonForController_Unknown_FaultException_Throws" executed="True" result="Success" success="True" time="0.013" asserts="0" />
                      <test-case name="Test.SportsWeb.Services.TestAmpCabinet_PushButton.Test_GetAssociatedPushButtonForController_Works" executed="True" result="Success" success="True" time="0.023" asserts="0" />
                      <test-case name="Test.SportsWeb.Services.TestAmpCabinet_PushButton.Test_RemovePushButtonFromController_AmpwebSendsStatusCodeOtherThanSuccessCode_Throws" executed="True" result="Success" success="True" time="0.021" asserts="0" />
                      <test-case name="Test.SportsWeb.Services.TestAmpCabinet_PushButton.Test_RemovePushButtonFromController_FaultException_1_Throws" executed="True" result="Success" success="True" time="0.025" asserts="0" />
                      <test-case name="Test.SportsWeb.Services.TestAmpCabinet_PushButton.Test_RemovePushButtonFromController_FaultException_150_Throws" executed="True" result="Success" success="True" time="0.025" asserts="0" />
                      <test-case name="Test.SportsWeb.Services.TestAmpCabinet_PushButton.Test_RemovePushButtonFromController_FaultException_155_Throws" executed="True" result="Success" success="True" time="0.027" asserts="0" />
                      <test-case name="Test.SportsWeb.Services.TestAmpCabinet_PushButton.Test_RemovePushButtonFromController_FaultException_177_Throws" executed="True" result="Success" success="True" time="0.028" asserts="0" />
                      <test-case name="Test.SportsWeb.Services.TestAmpCabinet_PushButton.Test_RemovePushButtonFromController_FaultException_178_Throws" executed="True" result="Success" success="True" time="0.029" asserts="0" />
                      <test-case name="Test.SportsWeb.Services.TestAmpCabinet_PushButton.Test_RemovePushButtonFromController_FaultException_2_Throws" executed="True" result="Success" success="True" time="0.025" asserts="0" />
                      <test-case name="Test.SportsWeb.Services.TestAmpCabinet_PushButton.Test_RemovePushButtonFromController_FaultException_22_Throws" executed="True" result="Success" success="True" time="0.026" asserts="0" />
                      <test-case name="Test.SportsWeb.Services.TestAmpCabinet_PushButton.Test_RemovePushButtonFromController_FaultException_32_Throws" executed="True" result="Success" success="True" time="0.026" asserts="0" />
                      <test-case name="Test.SportsWeb.Services.TestAmpCabinet_PushButton.Test_RemovePushButtonFromController_FaultException_451_Throws" executed="True" result="Success" success="True" time="0.026" asserts="0" />
                      <test-case name="Test.SportsWeb.Services.TestAmpCabinet_PushButton.Test_RemovePushButtonFromController_FaultException_452_Throws" executed="True" result="Success" success="True" time="0.027" asserts="0" />
                      <test-case name="Test.SportsWeb.Services.TestAmpCabinet_PushButton.Test_RemovePushButtonFromController_InputNull_Throws" executed="True" result="Success" success="True" time="0.008" asserts="0" />
                      <test-case name="Test.SportsWeb.Services.TestAmpCabinet_PushButton.Test_RemovePushButtonFromController_NullResponse" executed="True" result="Success" success="True" time="0.011" asserts="0" />
                      <test-case name="Test.SportsWeb.Services.TestAmpCabinet_PushButton.Test_RemovePushButtonFromController_Site_Not_Found_Throws" executed="True" result="Success" success="True" time="0.010" asserts="0" />
                      <test-case name="Test.SportsWeb.Services.TestAmpCabinet_PushButton.Test_RemovePushButtonFromController_Unknown_Throws" executed="True" result="Success" success="True" time="0.015" asserts="0" />
                      <test-case name="Test.SportsWeb.Services.TestAmpCabinet_PushButton.Test_RemovePushButtonFromController_Works" executed="True" result="Success" success="True" time="0.009" asserts="0" />
                    </results>
                  </test-suite>
                  <test-suite type="TestFixture" name="TestAmpCabinet_Schedules" executed="True" result="Success" success="True" time="1.869" asserts="0">
                    <results>
                      <test-case name="Test.SportsWeb.Services.TestAmpCabinet_Schedules.Test_CreateScheduleForField_304_FaultException_Throws" executed="True" result="Success" success="True" time="0.058" asserts="0" />
                      <test-case name="Test.SportsWeb.Services.TestAmpCabinet_Schedules.Test_CreateScheduleForField_FaultException_1_Throws" executed="True" result="Success" success="True" time="0.030" asserts="0" />
                      <test-case name="Test.SportsWeb.Services.TestAmpCabinet_Schedules.Test_CreateScheduleForField_FaultException_109_Throws" executed="True" result="Success" success="True" time="0.027" asserts="0" />
                      <test-case name="Test.SportsWeb.Services.TestAmpCabinet_Schedules.Test_CreateScheduleForField_FaultException_150_Throws" executed="True" result="Success" success="True" time="0.028" asserts="0" />
                      <test-case name="Test.SportsWeb.Services.TestAmpCabinet_Schedules.Test_CreateScheduleForField_FaultException_155_Throws" executed="True" result="Success" success="True" time="0.028" asserts="0" />
                      <test-case name="Test.SportsWeb.Services.TestAmpCabinet_Schedules.Test_CreateScheduleForField_FaultException_2_Throws" executed="True" result="Success" success="True" time="0.028" asserts="0" />
                      <test-case name="Test.SportsWeb.Services.TestAmpCabinet_Schedules.Test_CreateScheduleForField_FaultException_301_Throws" executed="True" result="Success" success="True" time="0.029" asserts="0" />
                      <test-case name="Test.SportsWeb.Services.TestAmpCabinet_Schedules.Test_CreateScheduleForField_FaultException_302_Throws" executed="True" result="Success" success="True" time="0.027" asserts="0" />
                      <test-case name="Test.SportsWeb.Services.TestAmpCabinet_Schedules.Test_CreateScheduleForField_FaultException_303_Throws" executed="True" result="Success" success="True" time="0.029" asserts="0" />
                      <test-case name="Test.SportsWeb.Services.TestAmpCabinet_Schedules.Test_CreateScheduleForField_FaultException_305_Throws" executed="True" result="Success" success="True" time="0.027" asserts="0" />
                      <test-case name="Test.SportsWeb.Services.TestAmpCabinet_Schedules.Test_CreateScheduleForField_FaultException_306_Throws" executed="True" result="Success" success="True" time="0.026" asserts="0" />
                      <test-case name="Test.SportsWeb.Services.TestAmpCabinet_Schedules.Test_CreateScheduleForField_FaultException_307_Throws" executed="True" result="Success" success="True" time="0.031" asserts="0" />
                      <test-case name="Test.SportsWeb.Services.TestAmpCabinet_Schedules.Test_CreateScheduleForField_FaultException_317_Throws" executed="True" result="Success" success="True" time="0.028" asserts="0" />
                      <test-case name="Test.SportsWeb.Services.TestAmpCabinet_Schedules.Test_CreateScheduleForField_FaultException_318_Throws" executed="True" result="Success" success="True" time="0.028" asserts="0" />
                      <test-case name="Test.SportsWeb.Services.TestAmpCabinet_Schedules.Test_CreateScheduleForField_FaultException_340_Throws" executed="True" result="Success" success="True" time="0.026" asserts="0" />
                      <test-case name="Test.SportsWeb.Services.TestAmpCabinet_Schedules.Test_CreateScheduleForField_FaultException_341_Throws" executed="True" result="Success" success="True" time="0.026" asserts="0" />
                      <test-case name="Test.SportsWeb.Services.TestAmpCabinet_Schedules.Test_CreateScheduleForField_FaultException_342_Throws" executed="True" result="Success" success="True" time="0.028" asserts="0" />
                      <test-case name="Test.SportsWeb.Services.TestAmpCabinet_Schedules.Test_CreateScheduleForField_FaultException_343_Throws" executed="True" result="Success" success="True" time="0.028" asserts="0" />
                      <test-case name="Test.SportsWeb.Services.TestAmpCabinet_Schedules.Test_CreateScheduleForField_FaultException_500_Throws" executed="True" result="Success" success="True" time="0.025" asserts="0" />
                      <test-case name="Test.SportsWeb.Services.TestAmpCabinet_Schedules.Test_CreateScheduleForField_Input_Empty_Throws" executed="True" result="Success" success="True" time="0.009" asserts="0" />
                      <test-case name="Test.SportsWeb.Services.TestAmpCabinet_Schedules.Test_CreateScheduleForField_Site_Not_Found_Throws" executed="True" result="Success" success="True" time="0.010" asserts="0" />
                      <test-case name="Test.SportsWeb.Services.TestAmpCabinet_Schedules.Test_CreateScheduleForField_Unknown_FaultException_Throws" executed="True" result="Success" success="True" time="0.014" asserts="0" />
                      <test-case name="Test.SportsWeb.Services.TestAmpCabinet_Schedules.Test_CreateScheduleForField_Works" executed="True" result="Success" success="True" time="0.017" asserts="0" />
                      <test-case name="Test.SportsWeb.Services.TestAmpCabinet_Schedules.Test_CreateWeeklyScheduleForField_Throws" executed="True" result="Success" success="True" time="0.013" asserts="0" />
                      <test-case name="Test.SportsWeb.Services.TestAmpCabinet_Schedules.Test_CreateWeeklyScheduleForField_Works" executed="True" result="Success" success="True" time="0.013" asserts="0" />
                      <test-case name="Test.SportsWeb.Services.TestAmpCabinet_Schedules.Test_EditScheduleForField_304_FaultException_Throws" executed="True" result="Success" success="True" time="0.033" asserts="0" />
                      <test-case name="Test.SportsWeb.Services.TestAmpCabinet_Schedules.Test_EditScheduleForField_FaultException_1_Throws" executed="True" result="Success" success="True" time="0.030" asserts="0" />
                      <test-case name="Test.SportsWeb.Services.TestAmpCabinet_Schedules.Test_EditScheduleForField_FaultException_109_Throws" executed="True" result="Success" success="True" time="0.027" asserts="0" />
                      <test-case name="Test.SportsWeb.Services.TestAmpCabinet_Schedules.Test_EditScheduleForField_FaultException_150_Throws" executed="True" result="Success" success="True" time="0.030" asserts="0" />
                      <test-case name="Test.SportsWeb.Services.TestAmpCabinet_Schedules.Test_EditScheduleForField_FaultException_155_Throws" executed="True" result="Success" success="True" time="0.028" asserts="0" />
                      <test-case name="Test.SportsWeb.Services.TestAmpCabinet_Schedules.Test_EditScheduleForField_FaultException_2_Throws" executed="True" result="Success" success="True" time="0.026" asserts="0" />
                      <test-case name="Test.SportsWeb.Services.TestAmpCabinet_Schedules.Test_EditScheduleForField_FaultException_301_Throws" executed="True" result="Success" success="True" time="0.028" asserts="0" />
                      <test-case name="Test.SportsWeb.Services.TestAmpCabinet_Schedules.Test_EditScheduleForField_FaultException_302_Throws" executed="True" result="Success" success="True" time="0.027" asserts="0" />
                      <test-case name="Test.SportsWeb.Services.TestAmpCabinet_Schedules.Test_EditScheduleForField_FaultException_303_Throws" executed="True" result="Success" success="True" time="0.031" asserts="0" />
                      <test-case name="Test.SportsWeb.Services.TestAmpCabinet_Schedules.Test_EditScheduleForField_FaultException_305_Throws" executed="True" result="Success" success="True" time="0.028" asserts="0" />
                      <test-case name="Test.SportsWeb.Services.TestAmpCabinet_Schedules.Test_EditScheduleForField_FaultException_306_Throws" executed="True" result="Success" success="True" time="0.027" asserts="0" />
                      <test-case name="Test.SportsWeb.Services.TestAmpCabinet_Schedules.Test_EditScheduleForField_FaultException_307_Throws" executed="True" result="Success" success="True" time="0.026" asserts="0" />
                      <test-case name="Test.SportsWeb.Services.TestAmpCabinet_Schedules.Test_EditScheduleForField_FaultException_308_Throws" executed="True" result="Success" success="True" time="0.027" asserts="0" />
                      <test-case name="Test.SportsWeb.Services.TestAmpCabinet_Schedules.Test_EditScheduleForField_FaultException_317_Throws" executed="True" result="Success" success="True" time="0.030" asserts="0" />
                      <test-case name="Test.SportsWeb.Services.TestAmpCabinet_Schedules.Test_EditScheduleForField_FaultException_318_Throws" executed="True" result="Success" success="True" time="0.026" asserts="0" />
                      <test-case name="Test.SportsWeb.Services.TestAmpCabinet_Schedules.Test_EditScheduleForField_FaultException_340_Throws" executed="True" result="Success" success="True" time="0.026" asserts="0" />
                      <test-case name="Test.SportsWeb.Services.TestAmpCabinet_Schedules.Test_EditScheduleForField_FaultException_341_Throws" executed="True" result="Success" success="True" time="0.026" asserts="0" />
                      <test-case name="Test.SportsWeb.Services.TestAmpCabinet_Schedules.Test_EditScheduleForField_FaultException_342_Throws" executed="True" result="Success" success="True" time="0.029" asserts="0" />
                      <test-case name="Test.SportsWeb.Services.TestAmpCabinet_Schedules.Test_EditScheduleForField_FaultException_343_Throws" executed="True" result="Success" success="True" time="0.030" asserts="0" />
                      <test-case name="Test.SportsWeb.Services.TestAmpCabinet_Schedules.Test_EditScheduleForField_FaultException_500_Throws" executed="True" result="Success" success="True" time="0.027" asserts="0" />
                      <test-case name="Test.SportsWeb.Services.TestAmpCabinet_Schedules.Test_EditScheduleForField_Input_Empty_Throws" executed="True" result="Success" success="True" time="0.009" asserts="0" />
                      <test-case name="Test.SportsWeb.Services.TestAmpCabinet_Schedules.Test_EditScheduleForField_Site_Not_Found_Throws" executed="True" result="Success" success="True" time="0.011" asserts="0" />
                      <test-case name="Test.SportsWeb.Services.TestAmpCabinet_Schedules.Test_EditScheduleForField_Unknown_FaultException_Throws" executed="True" result="Success" success="True" time="0.015" asserts="0" />
                      <test-case name="Test.SportsWeb.Services.TestAmpCabinet_Schedules.Test_EditScheduleForField_Works" executed="True" result="Success" success="True" time="0.015" asserts="0" />
                      <test-case name="Test.SportsWeb.Services.TestAmpCabinet_Schedules.Test_EditWeeklyScheduleForField_Throws" executed="True" result="Success" success="True" time="0.012" asserts="0" />
                      <test-case name="Test.SportsWeb.Services.TestAmpCabinet_Schedules.Test_EditWeeklyScheduleForField_Works" executed="True" result="Success" success="True" time="0.017" asserts="0" />
                      <test-case name="Test.SportsWeb.Services.TestAmpCabinet_Schedules.Test_GetScheduleForField_FaultException_1_Throws" executed="True" result="Success" success="True" time="0.039" asserts="0" />
                      <test-case name="Test.SportsWeb.Services.TestAmpCabinet_Schedules.Test_GetScheduleForField_FaultException_150_Throws" executed="True" result="Success" success="True" time="0.027" asserts="0" />
                      <test-case name="Test.SportsWeb.Services.TestAmpCabinet_Schedules.Test_GetScheduleForField_FaultException_155_Throws" executed="True" result="Success" success="True" time="0.028" asserts="0" />
                      <test-case name="Test.SportsWeb.Services.TestAmpCabinet_Schedules.Test_GetScheduleForField_FaultException_2_Throws" executed="True" result="Success" success="True" time="0.029" asserts="0" />
                      <test-case name="Test.SportsWeb.Services.TestAmpCabinet_Schedules.Test_GetScheduleForField_FaultException_512_DoesNotThrow" executed="True" result="Success" success="True" time="0.019" asserts="0" />
                      <test-case name="Test.SportsWeb.Services.TestAmpCabinet_Schedules.Test_GetScheduleForField_Input_Empty_Throws" executed="True" result="Success" success="True" time="0.009" asserts="0" />
                      <test-case name="Test.SportsWeb.Services.TestAmpCabinet_Schedules.Test_GetScheduleForField_Multiple_DayOfWeek_Works" executed="True" result="Success" success="True" time="0.044" asserts="0" />
                      <test-case name="Test.SportsWeb.Services.TestAmpCabinet_Schedules.Test_GetScheduleForField_Single_DayOfWeek_Works" executed="True" result="Success" success="True" time="0.015" asserts="0" />
                      <test-case name="Test.SportsWeb.Services.TestAmpCabinet_Schedules.Test_GetScheduleForField_Site_Not_Found_Throws" executed="True" result="Success" success="True" time="0.011" asserts="0" />
                      <test-case name="Test.SportsWeb.Services.TestAmpCabinet_Schedules.Test_GetScheduleForField_Unknown_FaultException_Throws" executed="True" result="Success" success="True" time="0.017" asserts="0" />
                      <test-case name="Test.SportsWeb.Services.TestAmpCabinet_Schedules.Test_GetScheduleForField_Works" executed="True" result="Success" success="True" time="0.015" asserts="0" />
                      <test-case name="Test.SportsWeb.Services.TestAmpCabinet_Schedules.Test_RemoveScheduleFromField_FaultException_1_Throws" executed="True" result="Success" success="True" time="0.033" asserts="0" />
                      <test-case name="Test.SportsWeb.Services.TestAmpCabinet_Schedules.Test_RemoveScheduleFromField_FaultException_109_Throws" executed="True" result="Success" success="True" time="0.027" asserts="0" />
                      <test-case name="Test.SportsWeb.Services.TestAmpCabinet_Schedules.Test_RemoveScheduleFromField_FaultException_150_Throws" executed="True" result="Success" success="True" time="0.032" asserts="0" />
                      <test-case name="Test.SportsWeb.Services.TestAmpCabinet_Schedules.Test_RemoveScheduleFromField_FaultException_155_Throws" executed="True" result="Success" success="True" time="0.034" asserts="0" />
                      <test-case name="Test.SportsWeb.Services.TestAmpCabinet_Schedules.Test_RemoveScheduleFromField_FaultException_2_Throws" executed="True" result="Success" success="True" time="0.034" asserts="0" />
                      <test-case name="Test.SportsWeb.Services.TestAmpCabinet_Schedules.Test_RemoveScheduleFromField_FaultException_308_Throws" executed="True" result="Success" success="True" time="0.028" asserts="0" />
                      <test-case name="Test.SportsWeb.Services.TestAmpCabinet_Schedules.Test_RemoveScheduleFromField_Input_Empty_Throws" executed="True" result="Success" success="True" time="0.011" asserts="0" />
                      <test-case name="Test.SportsWeb.Services.TestAmpCabinet_Schedules.Test_RemoveScheduleFromField_Site_Not_Found_Throws" executed="True" result="Success" success="True" time="0.010" asserts="0" />
                      <test-case name="Test.SportsWeb.Services.TestAmpCabinet_Schedules.Test_RemoveScheduleFromField_Unknown_FaultException_Throws" executed="True" result="Success" success="True" time="0.016" asserts="0" />
                      <test-case name="Test.SportsWeb.Services.TestAmpCabinet_Schedules.Test_RemoveScheduleFromField_Works" executed="True" result="Success" success="True" time="0.015" asserts="0" />
                    </results>
                  </test-suite>
                  <test-suite type="TestFixture" name="TestCustomerService" executed="True" result="Success" success="True" time="0.156" asserts="0">
                    <results>
                      <test-case name="Test.SportsWeb.Services.TestCustomerService.Test_CreateAdvanceCustomer_Throws" executed="True" result="Success" success="True" time="0.010" asserts="0" />
                      <test-case name="Test.SportsWeb.Services.TestCustomerService.Test_CreateAdvanceCustomer_Works" executed="True" result="Success" success="True" time="0.006" asserts="0" />
                      <test-case name="Test.SportsWeb.Services.TestCustomerService.Test_CreateCustomer_Throws" executed="True" result="Success" success="True" time="0.060" asserts="0" />
                      <test-case name="Test.SportsWeb.Services.TestCustomerService.Test_CreateCustomer_Works" executed="True" result="Success" success="True" time="0.006" asserts="0" />
                      <test-case name="Test.SportsWeb.Services.TestCustomerService.Test_CreateCustomerFeaturelocked_Works" executed="True" result="Success" success="True" time="0.005" asserts="0" />
                      <test-case name="Test.SportsWeb.Services.TestCustomerService.Test_EditCustomer_Throws" executed="True" result="Success" success="True" time="0.005" asserts="0" />
                      <test-case name="Test.SportsWeb.Services.TestCustomerService.Test_EditCustomer_Works" executed="True" result="Success" success="True" time="0.004" asserts="0" />
                      <test-case name="Test.SportsWeb.Services.TestCustomerService.Test_GetCustomerById_Throws" executed="True" result="Success" success="True" time="0.007" asserts="0" />
                      <test-case name="Test.SportsWeb.Services.TestCustomerService.Test_GetCustomerById_Works" executed="True" result="Success" success="True" time="0.006" asserts="0" />
                      <test-case name="Test.SportsWeb.Services.TestCustomerService.Test_IsCustomerNameExists_NegativeCondition" executed="True" result="Success" success="True" time="0.010" asserts="0" />
                      <test-case name="Test.SportsWeb.Services.TestCustomerService.Test_IsCustomerNameExists_Throws" executed="True" result="Success" success="True" time="0.006" asserts="0" />
                      <test-case name="Test.SportsWeb.Services.TestCustomerService.Test_IsCustomerNameExists_Works" executed="True" result="Success" success="True" time="0.008" asserts="0" />
                    </results>
                  </test-suite>
                  <test-suite type="TestFixture" name="TestEndUserService" executed="True" result="Success" success="True" time="0.056" asserts="0">
                    <results>
                      <test-case name="Test.SportsWeb.Services.TestEndUserService.Test_GetSites_HasBothPermission_Works" executed="True" result="Success" success="True" time="0.027" asserts="0" />
                      <test-case name="Test.SportsWeb.Services.TestEndUserService.Test_GetSites_NoSitesForId_Works" executed="True" result="Success" success="True" time="0.005" asserts="0" />
                      <test-case name="Test.SportsWeb.Services.TestEndUserService.Test_GetSites_OnlyControlUiPermission_Works" executed="True" result="Success" success="True" time="0.008" asserts="0" />
                      <test-case name="Test.SportsWeb.Services.TestEndUserService.Test_GetSitesWithPermissions_Works" executed="True" result="Success" success="True" time="0.011" asserts="0" />
                    </results>
                  </test-suite>
                  <test-suite type="TestFixture" name="TestGlobalExceptionMiddleware" executed="True" result="Success" success="True" time="0.064" asserts="0">
                    <results>
                      <test-case name="Test.SportsWeb.Services.TestGlobalExceptionMiddleware.Test_GlobalExceptionMiddleware_Works" executed="True" result="Success" success="True" time="0.063" asserts="0" />
                    </results>
                  </test-suite>
                  <test-suite type="TestFixture" name="TestInsatllerPushButtonService" executed="True" result="Success" success="True" time="0.211" asserts="0">
                    <results>
                      <test-case name="Test.SportsWeb.Services.TestInsatllerPushButtonService.Test_AddPushButtonToController_FeatureLock_Works" executed="True" result="Success" success="True" time="0.006" asserts="0" />
                      <test-case name="Test.SportsWeb.Services.TestInsatllerPushButtonService.Test_AddPushButtonToController_InputNull_ThrowsExcepiton" executed="True" result="Success" success="True" time="0.002" asserts="0" />
                      <test-case name="Test.SportsWeb.Services.TestInsatllerPushButtonService.Test_AddPushButtonToController_ThrowsExcepiton" executed="True" result="Success" success="True" time="0.004" asserts="0" />
                      <test-case name="Test.SportsWeb.Services.TestInsatllerPushButtonService.Test_AddPushButtonToController_Works" executed="True" result="Success" success="True" time="0.002" asserts="0" />
                      <test-case name="Test.SportsWeb.Services.TestInsatllerPushButtonService.Test_AssociatePushButtonToField_EditPushbuttonDetails_Works" executed="True" result="Success" success="True" time="0.030" asserts="0" />
                      <test-case name="Test.SportsWeb.Services.TestInsatllerPushButtonService.Test_AssociatePushButtonToField_EditPushbuttonDetailsFailed_Throws" executed="True" result="Success" success="True" time="0.006" asserts="0" />
                      <test-case name="Test.SportsWeb.Services.TestInsatllerPushButtonService.Test_AssociatePushButtonToField_Featurelock_Works" executed="True" result="Success" success="True" time="0.003" asserts="0" />
                      <test-case name="Test.SportsWeb.Services.TestInsatllerPushButtonService.Test_AssociatePushButtonToField_InputNull_ThrowsExcepiton" executed="True" result="Success" success="True" time="0.002" asserts="0" />
                      <test-case name="Test.SportsWeb.Services.TestInsatllerPushButtonService.Test_AssociatePushButtonToField_OldFieldNotNull_NewFieldNotNull_BothAreSame_DelayChanged_DisassociateAndAssociate_Works" executed="True" result="Success" success="True" time="0.002" asserts="0" />
                      <test-case name="Test.SportsWeb.Services.TestInsatllerPushButtonService.Test_AssociatePushButtonToField_OldFieldNotNull_NewFieldNotNull_BothAreSame_DurationChanged_DisassociateAndAssociate_Works" executed="True" result="Success" success="True" time="0.003" asserts="0" />
                      <test-case name="Test.SportsWeb.Services.TestInsatllerPushButtonService.Test_AssociatePushButtonToField_OldFieldNotNull_NewFieldNotNull_BothAreSame_NeitherDisassociateNorAssociate_Works" executed="True" result="Success" success="True" time="0.008" asserts="0" />
                      <test-case name="Test.SportsWeb.Services.TestInsatllerPushButtonService.Test_AssociatePushButtonToField_OldFieldNotNull_NewFieldNotNull_BothAreSame_SceneChanged_DisassociateAndAssociate_Works" executed="True" result="Success" success="True" time="0.002" asserts="0" />
                      <test-case name="Test.SportsWeb.Services.TestInsatllerPushButtonService.Test_AssociatePushButtonToField_OldFieldNotNull_NewFieldNotNull_BothDisassociateAndAssociate_Works" executed="True" result="Success" success="True" time="0.006" asserts="0" />
                      <test-case name="Test.SportsWeb.Services.TestInsatllerPushButtonService.Test_AssociatePushButtonToField_OldFieldNotNull_NewFieldNotNull_DelayChanged_BothDisassociateAndAssociate_Works" executed="True" result="Success" success="True" time="0.004" asserts="0" />
                      <test-case name="Test.SportsWeb.Services.TestInsatllerPushButtonService.Test_AssociatePushButtonToField_OldFieldNotNull_NewFieldNotNull_DisassociateFails_NoAssociate_Works" executed="True" result="Success" success="True" time="0.004" asserts="0" />
                      <test-case name="Test.SportsWeb.Services.TestInsatllerPushButtonService.Test_AssociatePushButtonToField_OldFieldNotNull_NewFieldNotNull_DisassociateSucceeds_AssociateFails_Works" executed="True" result="Success" success="True" time="0.005" asserts="0" />
                      <test-case name="Test.SportsWeb.Services.TestInsatllerPushButtonService.Test_AssociatePushButtonToField_OldFieldNotNull_NewFieldNotNull_DurationChanged_BothDisassociateAndAssociate_Works" executed="True" result="Success" success="True" time="0.003" asserts="0" />
                      <test-case name="Test.SportsWeb.Services.TestInsatllerPushButtonService.Test_AssociatePushButtonToField_OldFieldNotNull_NewFieldNotNull_SceneChanged_BothDisassociateAndAssociate_Works" executed="True" result="Success" success="True" time="0.004" asserts="0" />
                      <test-case name="Test.SportsWeb.Services.TestInsatllerPushButtonService.Test_AssociatePushButtonToField_OldFieldNotNull_NewFieldNull_DisassociateOnly_Works" executed="True" result="Success" success="True" time="0.004" asserts="0" />
                      <test-case name="Test.SportsWeb.Services.TestInsatllerPushButtonService.Test_AssociatePushButtonToField_OldFieldNull_NewFieldNotNull_AssociateOnly_Works" executed="True" result="Success" success="True" time="0.005" asserts="0" />
                      <test-case name="Test.SportsWeb.Services.TestInsatllerPushButtonService.Test_AssociatePushButtonToField_OldFieldNull_NewFieldNull_NeitherDisassociateNorAssociate_Works" executed="True" result="Success" success="True" time="0.002" asserts="0" />
                      <test-case name="Test.SportsWeb.Services.TestInsatllerPushButtonService.Test_AssociatePushButtonToField_PushbuttonDetailsNotChanged_Works" executed="True" result="Success" success="True" time="0.007" asserts="0" />
                      <test-case name="Test.SportsWeb.Services.TestInsatllerPushButtonService.Test_AssociatePushButtonToField_ThrowsExcepiton" executed="True" result="Success" success="True" time="0.003" asserts="0" />
                      <test-case name="Test.SportsWeb.Services.TestInsatllerPushButtonService.Test_GetAssociatedPushButtonForController_ControllerNodeIdEmpty_ThrowsExcepiton" executed="True" result="Success" success="True" time="0.008" asserts="0" />
                      <test-case name="Test.SportsWeb.Services.TestInsatllerPushButtonService.Test_GetAssociatedPushButtonForController_Featurelock_Works" executed="True" result="Success" success="True" time="0.003" asserts="0" />
                      <test-case name="Test.SportsWeb.Services.TestInsatllerPushButtonService.Test_GetAssociatedPushButtonForController_SiteIdEmpty_ThrowsExcepiton" executed="True" result="Success" success="True" time="0.002" asserts="0" />
                      <test-case name="Test.SportsWeb.Services.TestInsatllerPushButtonService.Test_GetAssociatedPushButtonForController_ThrowsExcepiton" executed="True" result="Success" success="True" time="0.004" asserts="0" />
                      <test-case name="Test.SportsWeb.Services.TestInsatllerPushButtonService.Test_GetAssociatedPushButtonForController_Works" executed="True" result="Success" success="True" time="0.011" asserts="0" />
                      <test-case name="Test.SportsWeb.Services.TestInsatllerPushButtonService.Test_RemovePushButtonFromController_FeatureLock_Works" executed="True" result="Success" success="True" time="0.008" asserts="0" />
                      <test-case name="Test.SportsWeb.Services.TestInsatllerPushButtonService.Test_RemovePushButtonFromController_InputNull_ThrowsExcepiton" executed="True" result="Success" success="True" time="0.002" asserts="0" />
                      <test-case name="Test.SportsWeb.Services.TestInsatllerPushButtonService.Test_RemovePushButtonFromController_ThrowsExcepiton" executed="True" result="Success" success="True" time="0.007" asserts="0" />
                      <test-case name="Test.SportsWeb.Services.TestInsatllerPushButtonService.Test_RemovePushButtonFromController_Works" executed="True" result="Success" success="True" time="0.003" asserts="0" />
                    </results>
                  </test-suite>
                  <test-suite type="TestFixture" name="TestInstallerCircuitService" executed="True" result="Success" success="True" time="0.230" asserts="0">
                    <results>
                      <test-case name="Test.SportsWeb.Services.TestInstallerCircuitService.Test_AbortAutoCircuitDetection_Featurelock_Works" executed="True" result="Success" success="True" time="0.011" asserts="0" />
                      <test-case name="Test.SportsWeb.Services.TestInstallerCircuitService.Test_AbortAutoCircuitDetection_Throws" executed="True" result="Success" success="True" time="0.006" asserts="0" />
                      <test-case name="Test.SportsWeb.Services.TestInstallerCircuitService.Test_AbortAutoCircuitDetection_Works" executed="True" result="Success" success="True" time="0.002" asserts="0" />
                      <test-case name="Test.SportsWeb.Services.TestInstallerCircuitService.Test_AttachCircuitsToField_Featurelock_Works" executed="True" result="Success" success="True" time="0.006" asserts="0" />
                      <test-case name="Test.SportsWeb.Services.TestInstallerCircuitService.Test_AttachCircuitsToField_Throws" executed="True" result="Success" success="True" time="0.006" asserts="0" />
                      <test-case name="Test.SportsWeb.Services.TestInstallerCircuitService.Test_AttachCircuitsToField_Works" executed="True" result="Success" success="True" time="0.003" asserts="0" />
                      <test-case name="Test.SportsWeb.Services.TestInstallerCircuitService.Test_DettachCircuitsFromField_Featurelock_Works" executed="True" result="Success" success="True" time="0.004" asserts="0" />
                      <test-case name="Test.SportsWeb.Services.TestInstallerCircuitService.Test_DettachCircuitsFromField_Throws" executed="True" result="Success" success="True" time="0.004" asserts="0" />
                      <test-case name="Test.SportsWeb.Services.TestInstallerCircuitService.Test_DettachCircuitsFromField_Works" executed="True" result="Success" success="True" time="0.004" asserts="0" />
                      <test-case name="Test.SportsWeb.Services.TestInstallerCircuitService.Test_GetAssociatedCircuitsToControllerForField_Featurelock_Works" executed="True" result="Success" success="True" time="0.007" asserts="0" />
                      <test-case name="Test.SportsWeb.Services.TestInstallerCircuitService.Test_GetAssociatedCircuitsToControllerForField_Throws" executed="True" result="Success" success="True" time="0.006" asserts="0" />
                      <test-case name="Test.SportsWeb.Services.TestInstallerCircuitService.Test_GetAssociatedCircuitsToControllerForField_Works" executed="True" result="Success" success="True" time="0.014" asserts="0" />
                      <test-case name="Test.SportsWeb.Services.TestInstallerCircuitService.Test_GetAutoCircuitDetectionProgress_Featurelock_Works" executed="True" result="Success" success="True" time="0.005" asserts="0" />
                      <test-case name="Test.SportsWeb.Services.TestInstallerCircuitService.Test_GetAutoCircuitDetectionProgress_Throws" executed="True" result="Success" success="True" time="0.004" asserts="0" />
                      <test-case name="Test.SportsWeb.Services.TestInstallerCircuitService.Test_GetAutoCircuitDetectionProgress_Works" executed="True" result="Success" success="True" time="0.003" asserts="0" />
                      <test-case name="Test.SportsWeb.Services.TestInstallerCircuitService.Test_GetCircuitAssociationForController_Featurelock_Works" executed="True" result="Success" success="True" time="0.005" asserts="0" />
                      <test-case name="Test.SportsWeb.Services.TestInstallerCircuitService.Test_GetCircuitAssociationForController_Throws" executed="True" result="Success" success="True" time="0.005" asserts="0" />
                      <test-case name="Test.SportsWeb.Services.TestInstallerCircuitService.Test_GetCircuitAssociationForController_Works" executed="True" result="Success" success="True" time="0.006" asserts="0" />
                      <test-case name="Test.SportsWeb.Services.TestInstallerCircuitService.Test_GetDetectedCircuits_Featurelock_Works" executed="True" result="Success" success="True" time="0.007" asserts="0" />
                      <test-case name="Test.SportsWeb.Services.TestInstallerCircuitService.Test_GetDetectedCircuits_Throws" executed="True" result="Success" success="True" time="0.005" asserts="0" />
                      <test-case name="Test.SportsWeb.Services.TestInstallerCircuitService.Test_GetDetectedCircuits_Works" executed="True" result="Success" success="True" time="0.004" asserts="0" />
                      <test-case name="Test.SportsWeb.Services.TestInstallerCircuitService.Test_InitiateAutoCircuitDetection_Featurelock_Works" executed="True" result="Success" success="True" time="0.004" asserts="0" />
                      <test-case name="Test.SportsWeb.Services.TestInstallerCircuitService.Test_InitiateAutoCircuitDetection_Throws" executed="True" result="Success" success="True" time="0.006" asserts="0" />
                      <test-case name="Test.SportsWeb.Services.TestInstallerCircuitService.Test_InitiateAutoCircuitDetection_Works" executed="True" result="Success" success="True" time="0.002" asserts="0" />
                      <test-case name="Test.SportsWeb.Services.TestInstallerCircuitService.Test_RenameCircuit_Featurelock_Works" executed="True" result="Success" success="True" time="0.007" asserts="0" />
                      <test-case name="Test.SportsWeb.Services.TestInstallerCircuitService.Test_RenameCircuit_Throws" executed="True" result="Success" success="True" time="0.007" asserts="0" />
                      <test-case name="Test.SportsWeb.Services.TestInstallerCircuitService.Test_RenameCircuit_Works" executed="True" result="Success" success="True" time="0.003" asserts="0" />
                      <test-case name="Test.SportsWeb.Services.TestInstallerCircuitService.Test_VerifyCircuit_Featurelock_Works" executed="True" result="Success" success="True" time="0.006" asserts="0" />
                      <test-case name="Test.SportsWeb.Services.TestInstallerCircuitService.Test_VerifyCircuit_Throws" executed="True" result="Success" success="True" time="0.007" asserts="0" />
                      <test-case name="Test.SportsWeb.Services.TestInstallerCircuitService.Test_VerifyCircuit_Works" executed="True" result="Success" success="True" time="0.006" asserts="0" />
                      <test-case name="Test.SportsWeb.Services.TestInstallerCircuitService.Test_VerifyCircuitStatus_Featurelock_Works" executed="True" result="Success" success="True" time="0.004" asserts="0" />
                      <test-case name="Test.SportsWeb.Services.TestInstallerCircuitService.Test_VerifyCircuitStatus_Throws" executed="True" result="Success" success="True" time="0.006" asserts="0" />
                      <test-case name="Test.SportsWeb.Services.TestInstallerCircuitService.Test_VerifyCircuitStatus_Works" executed="True" result="Success" success="True" time="0.003" asserts="0" />
                    </results>
                  </test-suite>
                  <test-suite type="TestFixture" name="TestInstallerCPUService" executed="True" result="Success" success="True" time="0.103" asserts="0">
                    <results>
                      <test-case name="Test.SportsWeb.Services.TestInstallerCPUService.Test_CreateControllerForSite_Featurelock_Works" executed="True" result="Success" success="True" time="0.013" asserts="0" />
                      <test-case name="Test.SportsWeb.Services.TestInstallerCPUService.Test_CreateControllerForSite_Throws" executed="True" result="Success" success="True" time="0.008" asserts="0" />
                      <test-case name="Test.SportsWeb.Services.TestInstallerCPUService.Test_CreateControllerForSite_Works" executed="True" result="Success" success="True" time="0.004" asserts="0" />
                      <test-case name="Test.SportsWeb.Services.TestInstallerCPUService.Test_GetControllerBySite_Featurelock_Works" executed="True" result="Success" success="True" time="0.005" asserts="0" />
                      <test-case name="Test.SportsWeb.Services.TestInstallerCPUService.Test_GetControllerBySite_Throws" executed="True" result="Success" success="True" time="0.004" asserts="0" />
                      <test-case name="Test.SportsWeb.Services.TestInstallerCPUService.Test_GetControllerBySite_Works" executed="True" result="Success" success="True" time="0.005" asserts="0" />
                      <test-case name="Test.SportsWeb.Services.TestInstallerCPUService.Test_GetControllerStatusBySite_Throws" executed="True" result="Success" success="True" time="0.006" asserts="0" />
                      <test-case name="Test.SportsWeb.Services.TestInstallerCPUService.Test_GetControllerStatusBySite_Works" executed="True" result="Success" success="True" time="0.004" asserts="0" />
                      <test-case name="Test.SportsWeb.Services.TestInstallerCPUService.Test_SetControllerLocation_NodeIdInvalid_Throws" executed="True" result="Success" success="True" time="0.008" asserts="0" />
                      <test-case name="Test.SportsWeb.Services.TestInstallerCPUService.Test_SetControllerLocation_Throws" executed="True" result="Success" success="True" time="0.007" asserts="0" />
                      <test-case name="Test.SportsWeb.Services.TestInstallerCPUService.Test_SetControllerLocation_Works" executed="True" result="Success" success="True" time="0.005" asserts="0" />
                      <test-case name="Test.SportsWeb.Services.TestInstallerCPUService.Test_ValidateCPU_Works" executed="True" result="Success" success="True" time="0.012" asserts="0" />
                      <test-case name="Test.SportsWeb.Services.TestInstallerCPUService.Test_ValidateCPULocation_Works" executed="True" result="Success" success="True" time="0.002" asserts="0" />
                    </results>
                  </test-suite>
                  <test-suite type="TestFixture" name="TestInstallerKeypadService" executed="True" result="Success" success="True" time="0.138" asserts="0">
                    <results>
                      <test-case name="Test.SportsWeb.Services.TestInstallerKeypadService.Test_AssociateKeypadToField_DifferentStatusCodeForAssociation_Works" executed="True" result="Success" success="True" time="0.014" asserts="0" />
                      <test-case name="Test.SportsWeb.Services.TestInstallerKeypadService.Test_AssociateKeypadToField_DifferentStatusCodeForDisassociation_Works" executed="True" result="Success" success="True" time="0.010" asserts="0" />
                      <test-case name="Test.SportsWeb.Services.TestInstallerKeypadService.Test_AssociateKeypadToField_DifferentStatusCodeForFirstTimeAssociation_Works" executed="True" result="Success" success="True" time="0.007" asserts="0" />
                      <test-case name="Test.SportsWeb.Services.TestInstallerKeypadService.Test_AssociateKeypadToField_Featurelock_Works" executed="True" result="Success" success="True" time="0.004" asserts="0" />
                      <test-case name="Test.SportsWeb.Services.TestInstallerKeypadService.Test_AssociateKeypadToField_InputNull_Throws" executed="True" result="Success" success="True" time="0.003" asserts="0" />
                      <test-case name="Test.SportsWeb.Services.TestInstallerKeypadService.Test_AssociateKeypadToField_Keypaddoesnotexist_Works" executed="True" result="Success" success="True" time="0.011" asserts="0" />
                      <test-case name="Test.SportsWeb.Services.TestInstallerKeypadService.Test_AssociateKeypadToField_Keypadexists_ChangeField_Works" executed="True" result="Success" success="True" time="0.009" asserts="0" />
                      <test-case name="Test.SportsWeb.Services.TestInstallerKeypadService.Test_AssociateKeypadToField_Keypadexists_OnlyNameChanges_Works" executed="True" result="Success" success="True" time="0.007" asserts="0" />
                      <test-case name="Test.SportsWeb.Services.TestInstallerKeypadService.Test_AssociateKeypadToField_NameDoesNotChange_Works" executed="True" result="Success" success="True" time="0.008" asserts="0" />
                      <test-case name="Test.SportsWeb.Services.TestInstallerKeypadService.Test_AssociateKeypadToField_Throws" executed="True" result="Success" success="True" time="0.003" asserts="0" />
                      <test-case name="Test.SportsWeb.Services.TestInstallerKeypadService.Test_GetDetectedKeypads_Featurelock_Works" executed="True" result="Success" success="True" time="0.007" asserts="0" />
                      <test-case name="Test.SportsWeb.Services.TestInstallerKeypadService.Test_GetDetectedKeypads_NotInSportswebDB_Works" executed="True" result="Success" success="True" time="0.017" asserts="0" />
                      <test-case name="Test.SportsWeb.Services.TestInstallerKeypadService.Test_GetDetectedKeypads_PresentInSportswebDB_Works" executed="True" result="Success" success="True" time="0.015" asserts="0" />
                      <test-case name="Test.SportsWeb.Services.TestInstallerKeypadService.Test_GetDetectedKeypads_Throws" executed="True" result="Success" success="True" time="0.003" asserts="0" />
                    </results>
                  </test-suite>
                  <test-suite type="TestFixture" name="TestInstallerSiteService" executed="True" result="Success" success="True" time="0.447" asserts="0">
                    <results>
                      <test-case name="Test.SportsWeb.Services.TestInstallerSiteService.Test_CreateSite_FeatureLock_Works" executed="True" result="Success" success="True" time="0.021" asserts="0" />
                      <test-case name="Test.SportsWeb.Services.TestInstallerSiteService.Test_CreateSite_NoCustomer_Works" executed="True" result="Success" success="True" time="0.015" asserts="0" />
                      <test-case name="Test.SportsWeb.Services.TestInstallerSiteService.Test_CreateSite_Throws" executed="True" result="Success" success="True" time="0.009" asserts="0" />
                      <test-case name="Test.SportsWeb.Services.TestInstallerSiteService.Test_CreateSite_Works" executed="True" result="Success" success="True" time="0.009" asserts="0" />
                      <test-case name="Test.SportsWeb.Services.TestInstallerSiteService.Test_CreateSiteAdvance_ThrowsOnExistingSite" executed="True" result="Success" success="True" time="0.007" asserts="0" />
                      <test-case name="Test.SportsWeb.Services.TestInstallerSiteService.Test_CreateSiteAdvance_Works" executed="True" result="Success" success="True" time="0.007" asserts="0" />
                      <test-case name="Test.SportsWeb.Services.TestInstallerSiteService.Test_DeleteSite_InputNulll_Throws" executed="True" result="Success" success="True" time="0.014" asserts="0" />
                      <test-case name="Test.SportsWeb.Services.TestInstallerSiteService.Test_DeleteSite_NodeIdNull_Works" executed="True" result="Success" success="True" time="0.016" asserts="0" />
                      <test-case name="Test.SportsWeb.Services.TestInstallerSiteService.Test_DeleteSite_Throws" executed="True" result="Success" success="True" time="0.013" asserts="0" />
                      <test-case name="Test.SportsWeb.Services.TestInstallerSiteService.Test_DeleteSite_Works" executed="True" result="Success" success="True" time="0.014" asserts="0" />
                      <test-case name="Test.SportsWeb.Services.TestInstallerSiteService.Test_EditSite_InputNull_Throws" executed="True" result="Success" success="True" time="0.005" asserts="0" />
                      <test-case name="Test.SportsWeb.Services.TestInstallerSiteService.Test_EditSite_NameChanged_Works" executed="True" result="Success" success="True" time="0.016" asserts="0" />
                      <test-case name="Test.SportsWeb.Services.TestInstallerSiteService.Test_EditSite_NameNotChanged_Works" executed="True" result="Success" success="True" time="0.010" asserts="0" />
                      <test-case name="Test.SportsWeb.Services.TestInstallerSiteService.Test_GetCustomerForUser_NoCustomerFound_Works" executed="True" result="Success" success="True" time="0.008" asserts="0" />
                      <test-case name="Test.SportsWeb.Services.TestInstallerSiteService.Test_GetCustomerForUser_Works" executed="True" result="Success" success="True" time="0.004" asserts="0" />
                      <test-case name="Test.SportsWeb.Services.TestInstallerSiteService.Test_GetDimLevelMapping_FeatureLock_Works" executed="True" result="Success" success="True" time="0.008" asserts="0" />
                      <test-case name="Test.SportsWeb.Services.TestInstallerSiteService.Test_GetDimLevelMapping_Works" executed="True" result="Success" success="True" time="0.010" asserts="0" />
                      <test-case name="Test.SportsWeb.Services.TestInstallerSiteService.Test_GetSceneSettingsForSite_FeatureLock_Works" executed="True" result="Success" success="True" time="0.010" asserts="0" />
                      <test-case name="Test.SportsWeb.Services.TestInstallerSiteService.Test_GetSceneSettingsForSite_InputNulll_Throws" executed="True" result="Success" success="True" time="0.006" asserts="0" />
                      <test-case name="Test.SportsWeb.Services.TestInstallerSiteService.Test_GetSceneSettingsForSite_SettingForExists_Works" executed="True" result="Success" success="True" time="0.010" asserts="0" />
                      <test-case name="Test.SportsWeb.Services.TestInstallerSiteService.Test_GetSceneSettingsForSite_SiteNotFound_Throws" executed="True" result="Success" success="True" time="0.006" asserts="0" />
                      <test-case name="Test.SportsWeb.Services.TestInstallerSiteService.Test_GetSite_Throws" executed="True" result="Success" success="True" time="0.007" asserts="0" />
                      <test-case name="Test.SportsWeb.Services.TestInstallerSiteService.Test_GetSite_Works" executed="True" result="Success" success="True" time="0.007" asserts="0" />
                      <test-case name="Test.SportsWeb.Services.TestInstallerSiteService.Test_GetSiteByCustomer_Featurelock_Works" executed="True" result="Success" success="True" time="0.010" asserts="0" />
                      <test-case name="Test.SportsWeb.Services.TestInstallerSiteService.Test_GetSiteByCustomer_ReturnNulll" executed="True" result="Success" success="True" time="0.005" asserts="0" />
                      <test-case name="Test.SportsWeb.Services.TestInstallerSiteService.Test_GetSiteByCustomer_Throws" executed="True" result="Success" success="True" time="0.008" asserts="0" />
                      <test-case name="Test.SportsWeb.Services.TestInstallerSiteService.Test_GetSiteByCustomer_Works" executed="True" result="Success" success="True" time="0.008" asserts="0" />
                      <test-case name="Test.SportsWeb.Services.TestInstallerSiteService.Test_GetSites_ThrowsExceptio" executed="True" result="Success" success="True" time="0.015" asserts="0" />
                      <test-case name="Test.SportsWeb.Services.TestInstallerSiteService.Test_GetSites_Works" executed="True" result="Success" success="True" time="0.007" asserts="0" />
                      <test-case name="Test.SportsWeb.Services.TestInstallerSiteService.Test_IsSiteNameExists_Works" executed="True" result="Success" success="True" time="0.005" asserts="0" />
                      <test-case name="Test.SportsWeb.Services.TestInstallerSiteService.Test_SetSceneSettings_ExactSettingExists_Works" executed="True" result="Success" success="True" time="0.020" asserts="0" />
                      <test-case name="Test.SportsWeb.Services.TestInstallerSiteService.Test_SetSceneSettings_FeatureLock_Works" executed="True" result="Success" success="True" time="0.008" asserts="0" />
                      <test-case name="Test.SportsWeb.Services.TestInstallerSiteService.Test_SetSceneSettings_InputNulll_Throws" executed="True" result="Success" success="True" time="0.004" asserts="0" />
                      <test-case name="Test.SportsWeb.Services.TestInstallerSiteService.Test_SetSceneSettings_SettingDoesNotExist_Works" executed="True" result="Success" success="True" time="0.015" asserts="0" />
                      <test-case name="Test.SportsWeb.Services.TestInstallerSiteService.Test_SetSceneSettings_SettingExists_Works" executed="True" result="Success" success="True" time="0.011" asserts="0" />
                      <test-case name="Test.SportsWeb.Services.TestInstallerSiteService.Test_SetSceneSettings_SiteDoesNotExist_Works" executed="True" result="Success" success="True" time="0.013" asserts="0" />
                      <test-case name="Test.SportsWeb.Services.TestInstallerSiteService.Test_SetSceneSettings_SiteNotFound_Throws" executed="True" result="Success" success="True" time="0.007" asserts="0" />
                      <test-case name="Test.SportsWeb.Services.TestInstallerSiteService.Test_SetSceneSettings_Throws" executed="True" result="Success" success="True" time="0.009" asserts="0" />
                      <test-case name="Test.SportsWeb.Services.TestInstallerSiteService.Test_ValidateSite_Throws" executed="True" result="Success" success="True" time="0.006" asserts="0" />
                    </results>
                  </test-suite>
                  <test-suite type="TestFixture" name="TestInstallerUserService" executed="True" result="Success" success="True" time="0.238" asserts="0">
                    <results>
                      <test-case name="Test.SportsWeb.Services.TestInstallerUserService.Test_CountUserPerSite_Throws" executed="True" result="Success" success="True" time="0.011" asserts="0" />
                      <test-case name="Test.SportsWeb.Services.TestInstallerUserService.Test_CountUserPerSite_Works" executed="True" result="Success" success="True" time="0.006" asserts="0" />
                      <test-case name="Test.SportsWeb.Services.TestInstallerUserService.Test_CreateTabletUser_build_Works" executed="True" result="Success" success="True" time="0.025" asserts="0" />
                      <test-case name="Test.SportsWeb.Services.TestInstallerUserService.Test_CreateTabletUser_dev_Works" executed="True" result="Success" success="True" time="0.013" asserts="0" />
                      <test-case name="Test.SportsWeb.Services.TestInstallerUserService.Test_CreateTabletUser_FeatureDisabled_dev_Works" executed="True" result="Success" success="True" time="0.012" asserts="0" />
                      <test-case name="Test.SportsWeb.Services.TestInstallerUserService.Test_CreateTabletUser_pss1_Works" executed="True" result="Success" success="True" time="0.012" asserts="0" />
                      <test-case name="Test.SportsWeb.Services.TestInstallerUserService.Test_CreateTabletUser_Test_Works" executed="True" result="Success" success="True" time="0.015" asserts="0" />
                      <test-case name="Test.SportsWeb.Services.TestInstallerUserService.Test_CreateTabletUser_userNotCreated_throws" executed="True" result="Success" success="True" time="0.012" asserts="0" />
                      <test-case name="Test.SportsWeb.Services.TestInstallerUserService.Test_EditTabletUser_FeatureEnable_Works" executed="True" result="Success" success="True" time="0.010" asserts="0" />
                      <test-case name="Test.SportsWeb.Services.TestInstallerUserService.Test_EditTabletUser_Throws" executed="True" result="Success" success="True" time="0.006" asserts="0" />
                      <test-case name="Test.SportsWeb.Services.TestInstallerUserService.Test_EditTabletUser_Works" executed="True" result="Success" success="True" time="0.008" asserts="0" />
                      <test-case name="Test.SportsWeb.Services.TestInstallerUserService.Test_GetUserById_Throws" executed="True" result="Success" success="True" time="0.010" asserts="0" />
                      <test-case name="Test.SportsWeb.Services.TestInstallerUserService.Test_GetUserById_Works" executed="True" result="Success" success="True" time="0.007" asserts="0" />
                      <test-case name="Test.SportsWeb.Services.TestInstallerUserService.Test_GetUserByName_Throws" executed="True" result="Success" success="True" time="0.010" asserts="0" />
                      <test-case name="Test.SportsWeb.Services.TestInstallerUserService.Test_GetUserByName_Works" executed="True" result="Success" success="True" time="0.009" asserts="0" />
                      <test-case name="Test.SportsWeb.Services.TestInstallerUserService.Test_IsValidEmail_Works" executed="True" result="Success" success="True" time="0.005" asserts="0" />
                      <test-case name="Test.SportsWeb.Services.TestInstallerUserService.Test_UserSiteAssigned_Works" executed="True" result="Success" success="True" time="0.010" asserts="0" />
                      <test-case name="Test.SportsWeb.Services.TestInstallerUserService.Test_ValidateUser_DoesNotThrow" executed="True" result="Success" success="True" time="0.005" asserts="0" />
                      <test-case name="Test.SportsWeb.Services.TestInstallerUserService.Test_ValidateUser_Throws" executed="True" result="Success" success="True" time="0.010" asserts="0" />
                    </results>
                  </test-suite>
                  <test-suite type="TestFixture" name="TestMasterScheduleService" executed="True" result="Success" success="True" time="0.780" asserts="0">
                    <results>
                      <test-case name="Test.SportsWeb.Services.TestMasterScheduleService.Test_AddMasterSchedule_Biweekly_Works" executed="True" result="Success" success="True" time="0.035" asserts="0" />
                      <test-case name="Test.SportsWeb.Services.TestMasterScheduleService.Test_AddMasterSchedule_EndDateEmpty_Throws" executed="True" result="Success" success="True" time="0.005" asserts="0" />
                      <test-case name="Test.SportsWeb.Services.TestMasterScheduleService.Test_AddMasterSchedule_FeatureLock_Works" executed="True" result="Success" success="True" time="0.004" asserts="0" />
                      <test-case name="Test.SportsWeb.Services.TestMasterScheduleService.Test_AddMasterSchedule_InputNull_ThrowsExcepiton" executed="True" result="Success" success="True" time="0.004" asserts="0" />
                      <test-case name="Test.SportsWeb.Services.TestMasterScheduleService.Test_AddMasterSchedule_NoGeoLocationForTwilight_Throws" executed="True" result="Success" success="True" time="0.010" asserts="0" />
                      <test-case name="Test.SportsWeb.Services.TestMasterScheduleService.Test_AddMasterSchedule_Recurring_Works" executed="True" result="Success" success="True" time="0.006" asserts="0" />
                      <test-case name="Test.SportsWeb.Services.TestMasterScheduleService.Test_AddMasterSchedule_SameEndDate_Works" executed="True" result="Success" success="True" time="0.006" asserts="0" />
                      <test-case name="Test.SportsWeb.Services.TestMasterScheduleService.Test_AddMasterSchedule_StartDateEmpty_Throws" executed="True" result="Success" success="True" time="0.005" asserts="0" />
                      <test-case name="Test.SportsWeb.Services.TestMasterScheduleService.Test_AddMasterSchedule_Throws" executed="True" result="Success" success="True" time="0.006" asserts="0" />
                      <test-case name="Test.SportsWeb.Services.TestMasterScheduleService.Test_DeleteMasterSchedule_InputNull_ThrowsExcepiton" executed="True" result="Success" success="True" time="0.009" asserts="0" />
                      <test-case name="Test.SportsWeb.Services.TestMasterScheduleService.Test_DeleteMasterSchedule_Throws" executed="True" result="Success" success="True" time="0.012" asserts="0" />
                      <test-case name="Test.SportsWeb.Services.TestMasterScheduleService.Test_DeleteMasterSchedules_FeatureLock_Works" executed="True" result="Success" success="True" time="0.004" asserts="0" />
                      <test-case name="Test.SportsWeb.Services.TestMasterScheduleService.Test_EditMasterSchedule_AddEditAndDelete_Works" executed="True" result="Success" success="True" time="0.042" asserts="0" />
                      <test-case name="Test.SportsWeb.Services.TestMasterScheduleService.Test_EditMasterSchedule_AllEdit_Works" executed="True" result="Success" success="True" time="0.014" asserts="0" />
                      <test-case name="Test.SportsWeb.Services.TestMasterScheduleService.Test_EditMasterSchedule_Biweekly_DateChanged_Works" executed="True" result="Success" success="True" time="0.035" asserts="0" />
                      <test-case name="Test.SportsWeb.Services.TestMasterScheduleService.Test_EditMasterSchedule_Biweekly_DateNotChanged_ControllerDeleted_Works" executed="True" result="Success" success="True" time="0.028" asserts="0" />
                      <test-case name="Test.SportsWeb.Services.TestMasterScheduleService.Test_EditMasterSchedule_Biweekly_DateNotChanged_NewControllerAdded_Works" executed="True" result="Success" success="True" time="0.026" asserts="0" />
                      <test-case name="Test.SportsWeb.Services.TestMasterScheduleService.Test_EditMasterSchedule_Biweekly_DateNotChanged_Works" executed="True" result="Success" success="True" time="0.021" asserts="0" />
                      <test-case name="Test.SportsWeb.Services.TestMasterScheduleService.Test_EditMasterSchedule_Biweekly_Throws" executed="True" result="Success" success="True" time="0.025" asserts="0" />
                      <test-case name="Test.SportsWeb.Services.TestMasterScheduleService.Test_EditMasterSchedule_DateMismatchForNeverRecurringSchedule_Throws" executed="True" result="Success" success="True" time="0.004" asserts="0" />
                      <test-case name="Test.SportsWeb.Services.TestMasterScheduleService.Test_EditMasterSchedule_DayOfWeekInvalidForBiWeeklySchedule_Throws" executed="True" result="Success" success="True" time="0.004" asserts="0" />
                      <test-case name="Test.SportsWeb.Services.TestMasterScheduleService.Test_EditMasterSchedule_DayOfWeekMismatchForBiWeeklySchedule_Throws" executed="True" result="Success" success="True" time="0.005" asserts="0" />
                      <test-case name="Test.SportsWeb.Services.TestMasterScheduleService.Test_EditMasterSchedule_DayOfWeekNullForBiWeeklySchedule_Throws" executed="True" result="Success" success="True" time="0.006" asserts="0" />
                      <test-case name="Test.SportsWeb.Services.TestMasterScheduleService.Test_EditMasterSchedule_DayOfWeekNullForWeeklySchedule_Throws" executed="True" result="Success" success="True" time="0.004" asserts="0" />
                      <test-case name="Test.SportsWeb.Services.TestMasterScheduleService.Test_EditMasterSchedule_EditAndAdd_Works" executed="True" result="Success" success="True" time="0.022" asserts="0" />
                      <test-case name="Test.SportsWeb.Services.TestMasterScheduleService.Test_EditMasterSchedule_EditAndDelete_Works" executed="True" result="Success" success="True" time="0.018" asserts="0" />
                      <test-case name="Test.SportsWeb.Services.TestMasterScheduleService.Test_EditMasterSchedule_EndDateLessThanStartDate_Throws" executed="True" result="Success" success="True" time="0.005" asserts="0" />
                      <test-case name="Test.SportsWeb.Services.TestMasterScheduleService.Test_EditMasterSchedule_FeatureLock_Works" executed="True" result="Success" success="True" time="0.006" asserts="0" />
                      <test-case name="Test.SportsWeb.Services.TestMasterScheduleService.Test_EditMasterSchedule_IdNull_Throws" executed="True" result="Success" success="True" time="0.004" asserts="0" />
                      <test-case name="Test.SportsWeb.Services.TestMasterScheduleService.Test_EditMasterSchedule_InputNull_ThrowsExcepiton" executed="True" result="Success" success="True" time="0.004" asserts="0" />
                      <test-case name="Test.SportsWeb.Services.TestMasterScheduleService.Test_EditMasterSchedule_InvalidSchedulingDatesForRecurringSchedule_Throws" executed="True" result="Success" success="True" time="0.005" asserts="0" />
                      <test-case name="Test.SportsWeb.Services.TestMasterScheduleService.Test_EditMasterSchedule_InvalidSchedulingFrequency_Throws" executed="True" result="Success" success="True" time="0.006" asserts="0" />
                      <test-case name="Test.SportsWeb.Services.TestMasterScheduleService.Test_EditMasterSchedule_MasterScheduleTypeChanged_Works" executed="True" result="Success" success="True" time="0.024" asserts="0" />
                      <test-case name="Test.SportsWeb.Services.TestMasterScheduleService.Test_EditMasterSchedule_NoGeoLocation_Throws" executed="True" result="Success" success="True" time="0.013" asserts="0" />
                      <test-case name="Test.SportsWeb.Services.TestMasterScheduleService.Test_EditMasterSchedule_ScheduleDateChangedToPastDate_Throws" executed="True" result="Success" success="True" time="0.005" asserts="0" />
                      <test-case name="Test.SportsWeb.Services.TestMasterScheduleService.Test_EditMasterSchedule_ScheduleTimeChangedToPastTime_Throws" executed="True" result="Success" success="True" time="0.005" asserts="0" />
                      <test-case name="Test.SportsWeb.Services.TestMasterScheduleService.Test_EditTwilightMasterSchedule_AddEditAndDelete_Works" executed="True" result="Success" success="True" time="0.026" asserts="0" />
                      <test-case name="Test.SportsWeb.Services.TestMasterScheduleService.Test_EditTwilightMasterSchedule_AllEdit_Works" executed="True" result="Success" success="True" time="0.021" asserts="0" />
                      <test-case name="Test.SportsWeb.Services.TestMasterScheduleService.Test_EditTwilightMasterSchedule_Biweekly_DateChanged_Works" executed="True" result="Success" success="True" time="0.024" asserts="0" />
                      <test-case name="Test.SportsWeb.Services.TestMasterScheduleService.Test_EditTwilightMasterSchedule_Biweekly_DateNotChanged_NewControllerAdded_Works" executed="True" result="Success" success="True" time="0.039" asserts="0" />
                      <test-case name="Test.SportsWeb.Services.TestMasterScheduleService.Test_EditTwilightMasterSchedule_Biweekly_DateNotChanged_Works" executed="True" result="Success" success="True" time="0.024" asserts="0" />
                      <test-case name="Test.SportsWeb.Services.TestMasterScheduleService.Test_EditTwilightMasterSchedule_Biweekly_Throws" executed="True" result="Success" success="True" time="0.021" asserts="0" />
                      <test-case name="Test.SportsWeb.Services.TestMasterScheduleService.Test_EditTwilightMasterSchedule_EditAndAdd_Works" executed="True" result="Success" success="True" time="0.022" asserts="0" />
                      <test-case name="Test.SportsWeb.Services.TestMasterScheduleService.Test_EditTwilightMasterSchedule_EditAndDelete_Works" executed="True" result="Success" success="True" time="0.018" asserts="0" />
                      <test-case name="Test.SportsWeb.Services.TestMasterScheduleService.Test_EditTwilightMasterSchedule_FeatureLock_Works" executed="True" result="Success" success="True" time="0.005" asserts="0" />
                      <test-case name="Test.SportsWeb.Services.TestMasterScheduleService.Test_EditTwilightMasterSchedule_InputNull_ThrowsExcepiton" executed="True" result="Success" success="True" time="0.005" asserts="0" />
                      <test-case name="Test.SportsWeb.Services.TestMasterScheduleService.Test_EditTwilightMasterSchedule_MasterScheduleTypeChanged_Works" executed="True" result="Success" success="True" time="0.020" asserts="0" />
                      <test-case name="Test.SportsWeb.Services.TestMasterScheduleService.Test_EditTwilightMasterSchedule_NoGeoLocation_Throws" executed="True" result="Success" success="True" time="0.009" asserts="0" />
                      <test-case name="Test.SportsWeb.Services.TestMasterScheduleService.Test_GetMasterSchedule_FeatureLock_Works" executed="True" result="Success" success="True" time="0.010" asserts="0" />
                      <test-case name="Test.SportsWeb.Services.TestMasterScheduleService.Test_GetMasterSchedule_InputNull_ThrowsExcepiton" executed="True" result="Success" success="True" time="0.007" asserts="0" />
                      <test-case name="Test.SportsWeb.Services.TestMasterScheduleService.Test_GetMasterScheduleForSite_Works" executed="True" result="Success" success="True" time="0.013" asserts="0" />
                    </results>
                  </test-suite>
                  <test-suite type="TestFixture" name="TestPitchService" executed="True" result="Success" success="True" time="0.221" asserts="0">
                    <results>
                      <test-case name="Test.SportsWeb.Services.TestPitchService.CreateAdvancePitch_Working" executed="True" result="Success" success="True" time="0.013" asserts="0" />
                      <test-case name="Test.SportsWeb.Services.TestPitchService.CreatePitch_ArgumentNullException" executed="True" result="Success" success="True" time="0.010" asserts="0" />
                      <test-case name="Test.SportsWeb.Services.TestPitchService.CreatePitch_ConflitWithExistingPitch" executed="True" result="Success" success="True" time="0.010" asserts="0" />
                      <test-case name="Test.SportsWeb.Services.TestPitchService.CreatePitch_Working" executed="True" result="Success" success="True" time="0.010" asserts="0" />
                      <test-case name="Test.SportsWeb.Services.TestPitchService.EditPitch_Working" executed="True" result="Success" success="True" time="0.010" asserts="0" />
                      <test-case name="Test.SportsWeb.Services.TestPitchService.GetPitchesFromSiteId_Exception" executed="True" result="Success" success="True" time="0.009" asserts="0" />
                      <test-case name="Test.SportsWeb.Services.TestPitchService.GetPitchesFromSiteId_Working" executed="True" result="Success" success="True" time="0.013" asserts="0" />
                      <test-case name="Test.SportsWeb.Services.TestPitchService.GetPtich_Exception" executed="True" result="Success" success="True" time="0.007" asserts="0" />
                      <test-case name="Test.SportsWeb.Services.TestPitchService.GetPtich_Working" executed="True" result="Success" success="True" time="0.006" asserts="0" />
                      <test-case name="Test.SportsWeb.Services.TestPitchService.Test_CreateAdvancePitch_Throws" executed="True" result="Success" success="True" time="0.007" asserts="0" />
                      <test-case name="Test.SportsWeb.Services.TestPitchService.Test_CreatePitch_Featurelock_Working" executed="True" result="Success" success="True" time="0.009" asserts="0" />
                      <test-case name="Test.SportsWeb.Services.TestPitchService.Test_DeletePitch_InputNulll_Throws" executed="True" result="Success" success="True" time="0.011" asserts="0" />
                      <test-case name="Test.SportsWeb.Services.TestPitchService.Test_DeletePitch_NodeIdNull_Working" executed="True" result="Success" success="True" time="0.008" asserts="0" />
                      <test-case name="Test.SportsWeb.Services.TestPitchService.Test_DeletePitch_Throws" executed="True" result="Success" success="True" time="0.009" asserts="0" />
                      <test-case name="Test.SportsWeb.Services.TestPitchService.Test_DeletePitch_WithSchedule_Working" executed="True" result="Success" success="True" time="0.013" asserts="0" />
                      <test-case name="Test.SportsWeb.Services.TestPitchService.Test_DeletePitch_Working" executed="True" result="Success" success="True" time="0.009" asserts="0" />
                      <test-case name="Test.SportsWeb.Services.TestPitchService.Test_EditPitch_AmpwebCallNotrequired_Working" executed="True" result="Success" success="True" time="0.008" asserts="0" />
                      <test-case name="Test.SportsWeb.Services.TestPitchService.Test_EditPitch_CabinetLayerThrows_Working" executed="True" result="Success" success="True" time="0.010" asserts="0" />
                      <test-case name="Test.SportsWeb.Services.TestPitchService.Test_GetPitchesFromSiteId_Featurelock_Working" executed="True" result="Success" success="True" time="0.009" asserts="0" />
                      <test-case name="Test.SportsWeb.Services.TestPitchService.Test_ValidatePitch_Throws" executed="True" result="Success" success="True" time="0.011" asserts="0" />
                    </results>
                  </test-suite>
                  <test-suite type="TestFixture" name="TestRestClient" executed="False" result="Ignored">
                    <reason>
                      <message><![CDATA[]]></message>
                    </reason>
                    <results>
                      <test-case name="Test.SportsWeb.Services.TestRestClient.CheckAuthentication" executed="False" result="Ignored">
                        <reason>
                          <message><![CDATA[]]></message>
                        </reason>
                      </test-case>
                      <test-case name="Test.SportsWeb.Services.TestRestClient.CreateUserWithEmailActivation" executed="False" result="Ignored">
                        <reason>
                          <message><![CDATA[]]></message>
                        </reason>
                      </test-case>
                    </results>
                  </test-suite>
                  <test-suite type="TestFixture" name="TestSceneService" executed="True" result="Success" success="True" time="0.044" asserts="0">
                    <results>
                      <test-case name="Test.SportsWeb.Services.TestSceneService.Test_GetCustomScenes_Works" executed="True" result="Success" success="True" time="0.018" asserts="0" />
                      <test-case name="Test.SportsWeb.Services.TestSceneService.Test_GetDefaultScenes_Works" executed="True" result="Success" success="True" time="0.006" asserts="0" />
                      <test-case name="Test.SportsWeb.Services.TestSceneService.Test_SetCustomScene_Works" executed="True" result="Success" success="True" time="0.017" asserts="0" />
                    </results>
                  </test-suite>
                  <test-suite type="TestFixture" name="TestSchedulingService" executed="True" result="Success" success="True" time="0.538" asserts="0">
                    <results>
                      <test-case name="Test.SportsWeb.Services.TestSchedulingService.Test_CreateBiWeeklyScheduleForField_Works" executed="True" result="Success" success="True" time="0.021" asserts="0" />
                      <test-case name="Test.SportsWeb.Services.TestSchedulingService.Test_CreateScheduleForField_EndDateEmpty_Throws" executed="True" result="Success" success="True" time="0.007" asserts="0" />
                      <test-case name="Test.SportsWeb.Services.TestSchedulingService.Test_CreateScheduleForField_EndDateLessThanStartDate_Throws" executed="True" result="Success" success="True" time="0.006" asserts="0" />
                      <test-case name="Test.SportsWeb.Services.TestSchedulingService.Test_CreateScheduleForField_EndDateSameAsStartDateForRecurringEnvent_Throws" executed="True" result="Success" success="True" time="0.009" asserts="0" />
                      <test-case name="Test.SportsWeb.Services.TestSchedulingService.Test_CreateScheduleForField_FeatureLock_Works" executed="True" result="Success" success="True" time="0.006" asserts="0" />
                      <test-case name="Test.SportsWeb.Services.TestSchedulingService.Test_CreateScheduleForField_InputNull_ThrowsExcepiton" executed="True" result="Success" success="True" time="0.006" asserts="0" />
                      <test-case name="Test.SportsWeb.Services.TestSchedulingService.Test_CreateScheduleForField_InvalidDateForNeverRecurringSchedule_Throws" executed="True" result="Success" success="True" time="0.007" asserts="0" />
                      <test-case name="Test.SportsWeb.Services.TestSchedulingService.Test_CreateScheduleForField_SceneInvalid_Throws" executed="True" result="Success" success="True" time="0.009" asserts="0" />
                      <test-case name="Test.SportsWeb.Services.TestSchedulingService.Test_CreateScheduleForField_SceneRequired_Throws" executed="True" result="Success" success="True" time="0.006" asserts="0" />
                      <test-case name="Test.SportsWeb.Services.TestSchedulingService.Test_CreateScheduleForField_SchedulingFrequencyInvalid_Throws" executed="True" result="Success" success="True" time="0.007" asserts="0" />
                      <test-case name="Test.SportsWeb.Services.TestSchedulingService.Test_CreateScheduleForField_StartDateEmpty_Throws" executed="True" result="Success" success="True" time="0.006" asserts="0" />
                      <test-case name="Test.SportsWeb.Services.TestSchedulingService.Test_CreateScheduleForField_ThrowsExcepiton" executed="True" result="Success" success="True" time="0.008" asserts="0" />
                      <test-case name="Test.SportsWeb.Services.TestSchedulingService.Test_CreateScheduleForField_Works" executed="True" result="Success" success="True" time="0.007" asserts="0" />
                      <test-case name="Test.SportsWeb.Services.TestSchedulingService.Test_CreateWeeklyScheduleForField_DayOfWeekEmpty_Throws" executed="True" result="Success" success="True" time="0.007" asserts="0" />
                      <test-case name="Test.SportsWeb.Services.TestSchedulingService.Test_CreateWeeklyScheduleForField_InvalidDayofWeek_Throws" executed="True" result="Success" success="True" time="0.006" asserts="0" />
                      <test-case name="Test.SportsWeb.Services.TestSchedulingService.Test_CreateWeeklyScheduleForField_StartDateNotMatchingWithDayOfWeek_Throws" executed="True" result="Success" success="True" time="0.006" asserts="0" />
                      <test-case name="Test.SportsWeb.Services.TestSchedulingService.Test_CreateWeeklyScheduleForField_Works" executed="True" result="Success" success="True" time="0.008" asserts="0" />
                      <test-case name="Test.SportsWeb.Services.TestSchedulingService.Test_EditScheduleForField_ConvertBiWeeklyToNonBiweekly_Works" executed="True" result="Success" success="True" time="0.026" asserts="0" />
                      <test-case name="Test.SportsWeb.Services.TestSchedulingService.Test_EditScheduleForField_ConvertNonBiWeeklyToBiweekly_Works" executed="True" result="Success" success="True" time="0.011" asserts="0" />
                      <test-case name="Test.SportsWeb.Services.TestSchedulingService.Test_EditScheduleForField_EndDateEmpty_Throws" executed="True" result="Success" success="True" time="0.010" asserts="0" />
                      <test-case name="Test.SportsWeb.Services.TestSchedulingService.Test_EditScheduleForField_EndDateLessThanStartDate_Throws" executed="True" result="Success" success="True" time="0.007" asserts="0" />
                      <test-case name="Test.SportsWeb.Services.TestSchedulingService.Test_EditScheduleForField_EndDateSameAsStartDateForRecurringEnvent_Throws" executed="True" result="Success" success="True" time="0.006" asserts="0" />
                      <test-case name="Test.SportsWeb.Services.TestSchedulingService.Test_EditScheduleForField_FeatureLock_Works" executed="True" result="Success" success="True" time="0.007" asserts="0" />
                      <test-case name="Test.SportsWeb.Services.TestSchedulingService.Test_EditScheduleForField_InputNull_ThrowsExcepiton" executed="True" result="Success" success="True" time="0.006" asserts="0" />
                      <test-case name="Test.SportsWeb.Services.TestSchedulingService.Test_EditScheduleForField_InvalidDateForNeverRecurringSchedule_Throws" executed="True" result="Success" success="True" time="0.006" asserts="0" />
                      <test-case name="Test.SportsWeb.Services.TestSchedulingService.Test_EditScheduleForField_InvalidTimeForNeverRecurringSchedule_Throws" executed="True" result="Success" success="True" time="0.006" asserts="0" />
                      <test-case name="Test.SportsWeb.Services.TestSchedulingService.Test_EditScheduleForField_PastStartDate_Throws" executed="True" result="Success" success="True" time="0.006" asserts="0" />
                      <test-case name="Test.SportsWeb.Services.TestSchedulingService.Test_EditScheduleForField_SceneInvalid_Throws" executed="True" result="Success" success="True" time="0.007" asserts="0" />
                      <test-case name="Test.SportsWeb.Services.TestSchedulingService.Test_EditScheduleForField_SceneRequired_Throws" executed="True" result="Success" success="True" time="0.006" asserts="0" />
                      <test-case name="Test.SportsWeb.Services.TestSchedulingService.Test_EditScheduleForField_SchedulingFrequencyBiweekly_DateChanged_Works" executed="True" result="Success" success="True" time="0.020" asserts="0" />
                      <test-case name="Test.SportsWeb.Services.TestSchedulingService.Test_EditScheduleForField_SchedulingFrequencyBiweekly_DateNotChanged_Works" executed="True" result="Success" success="True" time="0.010" asserts="0" />
                      <test-case name="Test.SportsWeb.Services.TestSchedulingService.Test_EditScheduleForField_SchedulingFrequencyInvalid_Throws" executed="True" result="Success" success="True" time="0.007" asserts="0" />
                      <test-case name="Test.SportsWeb.Services.TestSchedulingService.Test_EditScheduleForField_SchedulingFrequencyNever_Works" executed="True" result="Success" success="True" time="0.013" asserts="0" />
                      <test-case name="Test.SportsWeb.Services.TestSchedulingService.Test_EditScheduleForField_StartDateEmpty_Throws" executed="True" result="Success" success="True" time="0.009" asserts="0" />
                      <test-case name="Test.SportsWeb.Services.TestSchedulingService.Test_EditScheduleForField_ThrowsExcepiton" executed="True" result="Success" success="True" time="0.007" asserts="0" />
                      <test-case name="Test.SportsWeb.Services.TestSchedulingService.Test_EditScheduleForField_Works" executed="True" result="Success" success="True" time="0.007" asserts="0" />
                      <test-case name="Test.SportsWeb.Services.TestSchedulingService.Test_EditWeeklyScheduleForField_DayOfWeekEmpty_Throws" executed="True" result="Success" success="True" time="0.008" asserts="0" />
                      <test-case name="Test.SportsWeb.Services.TestSchedulingService.Test_EditWeeklyScheduleForField_InvalidDayofWeek_Throws" executed="True" result="Success" success="True" time="0.006" asserts="0" />
                      <test-case name="Test.SportsWeb.Services.TestSchedulingService.Test_EditWeeklyScheduleForField_StartDateNotMatchingWithDayOfWeek_Throws" executed="True" result="Success" success="True" time="0.006" asserts="0" />
                      <test-case name="Test.SportsWeb.Services.TestSchedulingService.Test_EditWeeklyScheduleForField_Works" executed="True" result="Success" success="True" time="0.009" asserts="0" />
                      <test-case name="Test.SportsWeb.Services.TestSchedulingService.Test_GetScheduleForField_BiWeekly_Works" executed="True" result="Success" success="True" time="0.013" asserts="0" />
                      <test-case name="Test.SportsWeb.Services.TestSchedulingService.Test_GetScheduleForField_FeatureLock_Works" executed="True" result="Success" success="True" time="0.007" asserts="0" />
                      <test-case name="Test.SportsWeb.Services.TestSchedulingService.Test_GetScheduleForField_InputNull_ThrowsExcepiton" executed="True" result="Success" success="True" time="0.005" asserts="0" />
                      <test-case name="Test.SportsWeb.Services.TestSchedulingService.Test_GetScheduleForField_MatchingRecordNotFound_Works" executed="True" result="Success" success="True" time="0.007" asserts="0" />
                      <test-case name="Test.SportsWeb.Services.TestSchedulingService.Test_GetScheduleForField_ThrowsExcepiton" executed="True" result="Success" success="True" time="0.007" asserts="0" />
                      <test-case name="Test.SportsWeb.Services.TestSchedulingService.Test_GetScheduleForField_Works" executed="True" result="Success" success="True" time="0.011" asserts="0" />
                      <test-case name="Test.SportsWeb.Services.TestSchedulingService.Test_RemoveSchedule_FeatureLock_Works" executed="True" result="Success" success="True" time="0.006" asserts="0" />
                      <test-case name="Test.SportsWeb.Services.TestSchedulingService.Test_RemoveSchedule_InputNull_ThrowsExcepiton" executed="True" result="Success" success="True" time="0.009" asserts="0" />
                      <test-case name="Test.SportsWeb.Services.TestSchedulingService.Test_RemoveSchedule_ThrowsExcepiton" executed="True" result="Success" success="True" time="0.007" asserts="0" />
                      <test-case name="Test.SportsWeb.Services.TestSchedulingService.Test_RemoveSchedule_Works" executed="True" result="Success" success="True" time="0.008" asserts="0" />
                    </results>
                  </test-suite>
                  <test-suite type="TestFixture" name="TestTabletPermissionService" executed="True" result="Success" success="True" time="0.179" asserts="0">
                    <results>
                      <test-case name="Test.SportsWeb.Services.TestTabletPermissionService.Test_CanChangeScene_HalfFieldStateLeft_FieldHalffield_UserDoesNotHavePermissionWorks" executed="True" result="Success" success="True" time="0.043" asserts="0" />
                      <test-case name="Test.SportsWeb.Services.TestTabletPermissionService.Test_CanChangeScene_HalfFieldStateLeft_FieldHalffield_UserHasPermissionWorks" executed="True" result="Success" success="True" time="0.007" asserts="0" />
                      <test-case name="Test.SportsWeb.Services.TestTabletPermissionService.Test_CanChangeScene_HalfFieldStateLeft_FieldNotHalffield_Works" executed="True" result="Success" success="True" time="0.007" asserts="0" />
                      <test-case name="Test.SportsWeb.Services.TestTabletPermissionService.Test_CanChangeScene_HalfFieldStateRight_FieldNotHalffield_Works" executed="True" result="Success" success="True" time="0.005" asserts="0" />
                      <test-case name="Test.SportsWeb.Services.TestTabletPermissionService.Test_CanChangeScene_NoPermissionToChangeState_Works" executed="True" result="Success" success="True" time="0.008" asserts="0" />
                      <test-case name="Test.SportsWeb.Services.TestTabletPermissionService.Test_CanChangeScene_NoPitchFound_Works" executed="True" result="Success" success="True" time="0.003" asserts="0" />
                      <test-case name="Test.SportsWeb.Services.TestTabletPermissionService.Test_CanChangeScene_PermissionToChangeState_MatchModeOn_UserHasMatchPermission_Works" executed="True" result="Success" success="True" time="0.009" asserts="0" />
                      <test-case name="Test.SportsWeb.Services.TestTabletPermissionService.Test_CanChangeScene_PermissionToChangeState_MatchModeOn_UserNoMatchPermission_Works" executed="True" result="Success" success="True" time="0.006" asserts="0" />
                      <test-case name="Test.SportsWeb.Services.TestTabletPermissionService.Test_GetUserSitePermissions_HalfFieldDisabledUser_HalfFieldEnabledField_FieldInMatchMode_Works" executed="True" result="Success" success="True" time="0.013" asserts="0" />
                      <test-case name="Test.SportsWeb.Services.TestTabletPermissionService.Test_GetUserSitePermissions_HalfFieldDisabledUser_HalfFieldEnabledField_FieldNotInMatchMode_Works" executed="True" result="Success" success="True" time="0.005" asserts="0" />
                      <test-case name="Test.SportsWeb.Services.TestTabletPermissionService.Test_GetUserSitePermissions_HalfFieldEnableUser_HalfFieldDisabledField_FieldInMatchMode_Works" executed="True" result="Success" success="True" time="0.007" asserts="0" />
                      <test-case name="Test.SportsWeb.Services.TestTabletPermissionService.Test_GetUserSitePermissions_HalfFieldEnableUser_HalfFieldDisabledField_FieldNotInMatchMode_Works" executed="True" result="Success" success="True" time="0.005" asserts="0" />
                      <test-case name="Test.SportsWeb.Services.TestTabletPermissionService.Test_GetUserSitePermissions_HalfFieldEnableUser_HalfFieldEnableField_FieldInMatchMode_Works" executed="True" result="Success" success="True" time="0.007" asserts="0" />
                      <test-case name="Test.SportsWeb.Services.TestTabletPermissionService.Test_GetUserSitePermissions_HalfFieldEnableUser_HalfFieldEnableField_FieldNotInMatchMode_Works" executed="True" result="Success" success="True" time="0.005" asserts="0" />
                      <test-case name="Test.SportsWeb.Services.TestTabletPermissionService.Test_GetUserSitePermissions_MatchUser_FieldInMatchMode_Works" executed="True" result="Success" success="True" time="0.007" asserts="0" />
                      <test-case name="Test.SportsWeb.Services.TestTabletPermissionService.Test_GetUserSitePermissions_MatchUser_FieldNotInMatchMode_Works" executed="True" result="Success" success="True" time="0.005" asserts="0" />
                      <test-case name="Test.SportsWeb.Services.TestTabletPermissionService.Test_GetUserSitePermissions_NotMatchUser_FieldInMatchMode_Works" executed="True" result="Success" success="True" time="0.005" asserts="0" />
                      <test-case name="Test.SportsWeb.Services.TestTabletPermissionService.Test_GetUserSitePermissions_NotMatchUser_FieldNotInMatchMode_Works" executed="True" result="Success" success="True" time="0.006" asserts="0" />
                    </results>
                  </test-suite>
                  <test-suite type="TestFixture" name="TestValidateInstallerPermission" executed="True" result="Success" success="True" time="0.039" asserts="0">
                    <results>
                      <test-case name="Test.SportsWeb.Services.TestValidateInstallerPermission.ValidateField_Invalid" executed="True" result="Success" success="True" time="0.020" asserts="0" />
                      <test-case name="Test.SportsWeb.Services.TestValidateInstallerPermission.ValidateField_Valid" executed="True" result="Success" success="True" time="0.005" asserts="0" />
                      <test-case name="Test.SportsWeb.Services.TestValidateInstallerPermission.ValidateSite_Invalid" executed="True" result="Success" success="True" time="0.005" asserts="0" />
                      <test-case name="Test.SportsWeb.Services.TestValidateInstallerPermission.ValidateSite_Valid" executed="True" result="Success" success="True" time="0.006" asserts="0" />
                    </results>
                  </test-suite>
                  <test-suite type="TestFixture" name="TestValidateUserPermission" executed="True" result="Success" success="True" time="0.034" asserts="0">
                    <results>
                      <test-case name="Test.SportsWeb.Services.TestValidateUserPermission.ValidateField_Invalid" executed="True" result="Success" success="True" time="0.011" asserts="0" />
                      <test-case name="Test.SportsWeb.Services.TestValidateUserPermission.ValidateField_IsDeleted_Invalid" executed="True" result="Success" success="True" time="0.004" asserts="0" />
                      <test-case name="Test.SportsWeb.Services.TestValidateUserPermission.ValidateField_Valid" executed="True" result="Success" success="True" time="0.004" asserts="0" />
                      <test-case name="Test.SportsWeb.Services.TestValidateUserPermission.ValidateSite_Invalid" executed="True" result="Success" success="True" time="0.006" asserts="0" />
                      <test-case name="Test.SportsWeb.Services.TestValidateUserPermission.ValidateSite_Valid" executed="True" result="Success" success="True" time="0.004" asserts="0" />
                    </results>
                  </test-suite>
                  <test-suite type="TestFixture" name="TestWcfAmpStub" executed="False" result="Ignored">
                    <reason>
                      <message><![CDATA[]]></message>
                    </reason>
                    <results>
                      <test-case name="Test.SportsWeb.Services.TestWcfAmpStub.CheckAddController" executed="False" result="Ignored">
                        <reason>
                          <message><![CDATA[]]></message>
                        </reason>
                      </test-case>
                      <test-case name="Test.SportsWeb.Services.TestWcfAmpStub.CheckGetController" executed="False" result="Ignored">
                        <reason>
                          <message><![CDATA[]]></message>
                        </reason>
                      </test-case>
                      <test-case name="Test.SportsWeb.Services.TestWcfAmpStub.CheckGetFields" executed="False" result="Ignored">
                        <reason>
                          <message><![CDATA[]]></message>
                        </reason>
                      </test-case>
                    </results>
                  </test-suite>
                  <test-suite type="Namespace" name="Utils" executed="True" result="Success" success="True" time="3.394" asserts="0">
                    <results>
                      <test-suite type="Namespace" name="Helpers" executed="True" result="Success" success="True" time="0.184" asserts="0">
                        <results>
                          <test-suite type="TestFixture" name="TestStartupHelpers" executed="True" result="Success" success="True" time="0.183" asserts="0">
                            <results>
                              <test-case name="Test.SportsWeb.Services.Utils.Helpers.TestStartupHelpers.Test_ChangeCulture_Works" executed="True" result="Success" success="True" time="0.013" asserts="0" />
                              <test-case name="Test.SportsWeb.Services.Utils.Helpers.TestStartupHelpers.Test_ConfigureElasticSearchAppender" executed="True" result="Success" success="True" time="0.145" asserts="0" />
                              <test-case name="Test.SportsWeb.Services.Utils.Helpers.TestStartupHelpers.Test_GetAmplightConfiguration" executed="True" result="Success" success="True" time="0.004" asserts="0" />
                              <test-case name="Test.SportsWeb.Services.Utils.Helpers.TestStartupHelpers.Test_GetDatabaseConfiguration" executed="True" result="Success" success="True" time="0.006" asserts="0" />
                              <test-case name="Test.SportsWeb.Services.Utils.Helpers.TestStartupHelpers.Test_GetStageConfiguration" executed="True" result="Success" success="True" time="0.002" asserts="0" />
                              <test-case name="Test.SportsWeb.Services.Utils.Helpers.TestStartupHelpers.Test_SetThreadCulture" executed="True" result="Success" success="True" time="0.001" asserts="0" />
                              <test-case name="Test.SportsWeb.Services.Utils.Helpers.TestStartupHelpers.Test_ValidateElasticSearchParameters_Works" executed="True" result="Success" success="True" time="0.003" asserts="0" />
                            </results>
                          </test-suite>
                        </results>
                      </test-suite>
                      <test-suite type="TestFixture" name="TestApiErrorHandling" executed="True" result="Success" success="True" time="0.026" asserts="0">
                        <results>
                          <test-case name="Test.SportsWeb.Services.Utils.TestApiErrorHandling.Test_ApiErrorResolver_2" executed="True" result="Success" success="True" time="0.023" asserts="0" />
                          <test-case name="Test.SportsWeb.Services.Utils.TestApiErrorHandling.Test_ApiErrorResolver_Works" executed="True" result="Success" success="True" time="0.001" asserts="0" />
                        </results>
                      </test-suite>
                      <test-suite type="TestFixture" name="TestAssemblyInfo" executed="True" result="Success" success="True" time="0.007" asserts="0">
                        <results>
                          <test-case name="Test.SportsWeb.Services.Utils.TestAssemblyInfo.GetAssemblyDetails" executed="True" result="Success" success="True" time="0.006" asserts="0" />
                        </results>
                      </test-suite>
                      <test-suite type="TestFixture" name="TestCommonMethods" executed="True" result="Success" success="True" time="0.012" asserts="0">
                        <results>
                          <test-case name="Test.SportsWeb.Services.Utils.TestCommonMethods.Test_GetEmailTemplate_Works" executed="True" result="Success" success="True" time="0.005" asserts="0" />
                          <test-case name="Test.SportsWeb.Services.Utils.TestCommonMethods.Test_IsValidNameFormat_works" executed="True" result="Success" success="True" time="0.004" asserts="0" />
                        </results>
                      </test-suite>
                      <test-suite type="TestFixture" name="TestResolveConfigurationReferenceFromS3" executed="True" result="Success" success="True" time="0.011" asserts="0">
                        <results>
                          <test-case name="Test.SportsWeb.Services.Utils.TestResolveConfigurationReferenceFromS3.Test_Resolve_Works" executed="True" result="Success" success="True" time="0.010" asserts="0" />
                        </results>
                      </test-suite>
                      <test-suite type="TestFixture" name="TestSunriset" executed="True" result="Success" success="True" time="3.139" asserts="0">
                        <results>
                          <test-case name="Test.SportsWeb.Services.Utils.TestSunriset.SunriseSunset_India_Bangalore" executed="True" result="Success" success="True" time="0.365" asserts="0" />
                          <test-case name="Test.SportsWeb.Services.Utils.TestSunriset.SunriseSunset_India_Bangalore_Jinesh" executed="True" result="Success" success="True" time="0.357" asserts="0" />
                          <test-case name="Test.SportsWeb.Services.Utils.TestSunriset.SunriseSunset_India_BangaloreCityTouch" executed="True" result="Success" success="True" time="1.006" asserts="0" />
                          <test-case name="Test.SportsWeb.Services.Utils.TestSunriset.SunriseSunset_India_Murmansk" executed="True" result="Success" success="True" time="0.358" asserts="0" />
                          <test-case name="Test.SportsWeb.Services.Utils.TestSunriset.SunriseSunset_India_MurmanskCityTouch" executed="True" result="Success" success="True" time="0.988" asserts="0" />
                          <test-case name="Test.SportsWeb.Services.Utils.TestSunriset.TestTimeZoneValidity_Details" executed="True" result="Success" success="True" time="0.058" asserts="0" />
                        </results>
                      </test-suite>
                    </results>
                  </test-suite>
                </results>
              </test-suite>
            </results>
          </test-suite>
        </results>
      </test-suite>
    </results>
  </test-suite>
</test-results>